@!@!@STARTMSG 2262:0 @!@!@
TLC2 Version 2.16 of 31 December 2020 (rev: cdddf55)
@!@!@ENDMSG 2262 @!@!@
@!@!@STARTMSG 2187:0 @!@!@
Running breadth-first search Model-Checking with fp 0 and seed 2467305498852721194 with 2 workers on 4 cores with 1433MB heap and 3221MB offheap memory [pid: 5830] (Mac OS X 10.14.4 x86_64, AdoptOpenJDK 14.0.1 x86_64, OffHeapDiskFPSet, DiskStateQueue).
@!@!@ENDMSG 2187 @!@!@
@!@!@STARTMSG 2220:0 @!@!@
Starting SANY...
@!@!@ENDMSG 2220 @!@!@
Parsing file /Users/zmy/Documents/codes/RoutingConsistency/unplannedOFCFailover/ScenarioIII.toolbox/Model_SnapShot_1613371972005/MC.tla
Parsing file /Users/zmy/Documents/codes/RoutingConsistency/unplannedOFCFailover/ScenarioIII.toolbox/Model_SnapShot_1613371972005/ScenarioIII.tla
Warning: symbols were renamed.
Parsing file /Applications/TLA+ Toolbox.app/Contents/Eclipse/plugins/org.lamport.tlatools_1.0.0.202012311918/tla2sany/StandardModules/TLC.tla
Parsing file /Applications/TLA+ Toolbox.app/Contents/Eclipse/plugins/org.lamport.tlatools_1.0.0.202012311918/tla2sany/StandardModules/Integers.tla
Parsing file /Applications/TLA+ Toolbox.app/Contents/Eclipse/plugins/org.lamport.tlatools_1.0.0.202012311918/tla2sany/StandardModules/Sequences.tla
Parsing file /Applications/TLA+ Toolbox.app/Contents/Eclipse/plugins/org.lamport.tlatools_1.0.0.202012311918/tla2sany/StandardModules/FiniteSets.tla
Parsing file /Applications/TLA+ Toolbox.app/Contents/Eclipse/plugins/org.lamport.tlatools_1.0.0.202012311918/tla2sany/StandardModules/Naturals.tla
Semantic processing of module Naturals
Semantic processing of module Integers
Semantic processing of module Sequences
Semantic processing of module FiniteSets
Semantic processing of module TLC
Semantic processing of module ScenarioIII
Semantic processing of module MC
@!@!@STARTMSG 2219:0 @!@!@
SANY finished.
@!@!@ENDMSG 2219 @!@!@
@!@!@STARTMSG 2185:0 @!@!@
Starting... (2021-04-12 11:50:26)
@!@!@ENDMSG 2185 @!@!@
@!@!@STARTMSG 2212:0 @!@!@
Implied-temporal checking--satisfiability problem has 1 branches.
@!@!@ENDMSG 2212 @!@!@
@!@!@STARTMSG 2189:0 @!@!@
Computing initial states...
@!@!@ENDMSG 2189 @!@!@
@!@!@STARTMSG 2190:0 @!@!@
Finished computing initial states: 1 distinct state generated at 2021-04-12 11:50:35.
@!@!@ENDMSG 2190 @!@!@
@!@!@STARTMSG 2192:0 @!@!@
Checking temporal properties for the current state space with 128 total distinct states at (2021-04-12 11:50:38)
@!@!@ENDMSG 2192 @!@!@
@!@!@STARTMSG 2267:0 @!@!@
Finished checking temporal properties in 00s at 2021-04-12 11:50:38
@!@!@ENDMSG 2267 @!@!@
@!@!@STARTMSG 2200:0 @!@!@
Progress(9) at 2021-04-12 11:50:38: 452 states generated (452 s/min), 172 distinct states found (172 ds/min), 44 states left on queue.
@!@!@ENDMSG 2200 @!@!@
@!@!@STARTMSG 2192:0 @!@!@
Checking temporal properties for the current state space with 28525 total distinct states at (2021-04-12 11:51:38)
@!@!@ENDMSG 2192 @!@!@
@!@!@STARTMSG 2267:0 @!@!@
Finished checking temporal properties in 00s at 2021-04-12 11:51:39
@!@!@ENDMSG 2267 @!@!@
@!@!@STARTMSG 2200:0 @!@!@
Progress(45) at 2021-04-12 11:51:39: 109,986 states generated (109,534 s/min), 32,396 distinct states found (32,224 ds/min), 3,869 states left on queue.
@!@!@ENDMSG 2200 @!@!@
@!@!@STARTMSG 2192:0 @!@!@
Checking temporal properties for the current state space with 59880 total distinct states at (2021-04-12 11:52:39)
@!@!@ENDMSG 2192 @!@!@
@!@!@STARTMSG 2267:0 @!@!@
Finished checking temporal properties in 01s at 2021-04-12 11:52:40
@!@!@ENDMSG 2267 @!@!@
@!@!@STARTMSG 2200:0 @!@!@
Progress(51) at 2021-04-12 11:52:40: 237,934 states generated (127,948 s/min), 65,058 distinct states found (32,662 ds/min), 5,177 states left on queue.
@!@!@ENDMSG 2200 @!@!@
@!@!@STARTMSG 2192:0 @!@!@
Checking temporal properties for the current state space with 89634 total distinct states at (2021-04-12 11:53:40)
@!@!@ENDMSG 2192 @!@!@
@!@!@STARTMSG 2267:0 @!@!@
Finished checking temporal properties in 02s at 2021-04-12 11:53:42
@!@!@ENDMSG 2267 @!@!@
@!@!@STARTMSG 2200:0 @!@!@
Progress(57) at 2021-04-12 11:53:42: 359,176 states generated (121,242 s/min), 95,881 distinct states found (30,823 ds/min), 6,246 states left on queue.
@!@!@ENDMSG 2200 @!@!@
@!@!@STARTMSG 2192:0 @!@!@
Checking temporal properties for the current state space with 120365 total distinct states at (2021-04-12 11:54:42)
@!@!@ENDMSG 2192 @!@!@
@!@!@STARTMSG 2267:0 @!@!@
Finished checking temporal properties in 02s at 2021-04-12 11:54:45
@!@!@ENDMSG 2267 @!@!@
@!@!@STARTMSG 2200:0 @!@!@
Progress(61) at 2021-04-12 11:54:45: 484,781 states generated (125,605 s/min), 127,783 distinct states found (31,902 ds/min), 7,417 states left on queue.
@!@!@ENDMSG 2200 @!@!@
@!@!@STARTMSG 2192:0 @!@!@
Checking temporal properties for the current state space with 138900 total distinct states at (2021-04-12 11:55:45)
@!@!@ENDMSG 2192 @!@!@
@!@!@STARTMSG 2267:0 @!@!@
Finished checking temporal properties in 05s at 2021-04-12 11:55:50
@!@!@ENDMSG 2267 @!@!@
@!@!@STARTMSG 2200:0 @!@!@
Progress(64) at 2021-04-12 11:55:50: 558,320 states generated (73,539 s/min), 148,223 distinct states found (20,440 ds/min), 9,321 states left on queue.
@!@!@ENDMSG 2200 @!@!@
@!@!@STARTMSG 2192:0 @!@!@
Checking temporal properties for the current state space with 169109 total distinct states at (2021-04-12 11:56:50)
@!@!@ENDMSG 2192 @!@!@
@!@!@STARTMSG 2267:0 @!@!@
Finished checking temporal properties in 04s at 2021-04-12 11:56:54
@!@!@ENDMSG 2267 @!@!@
@!@!@STARTMSG 2200:0 @!@!@
Progress(67) at 2021-04-12 11:56:54: 678,241 states generated (119,921 s/min), 181,782 distinct states found (33,559 ds/min), 12,671 states left on queue.
@!@!@ENDMSG 2200 @!@!@
@!@!@STARTMSG 2192:0 @!@!@
Checking temporal properties for the current state space with 207617 total distinct states at (2021-04-12 11:57:54)
@!@!@ENDMSG 2192 @!@!@
@!@!@STARTMSG 2267:0 @!@!@
Finished checking temporal properties in 05s at 2021-04-12 11:58:00
@!@!@ENDMSG 2267 @!@!@
@!@!@STARTMSG 2200:0 @!@!@
Progress(70) at 2021-04-12 11:58:00: 831,142 states generated (152,901 s/min), 224,505 distinct states found (42,723 ds/min), 16,887 states left on queue.
@!@!@ENDMSG 2200 @!@!@
@!@!@STARTMSG 2192:0 @!@!@
Checking temporal properties for the current state space with 245726 total distinct states at (2021-04-12 11:59:00)
@!@!@ENDMSG 2192 @!@!@
@!@!@STARTMSG 2267:0 @!@!@
Finished checking temporal properties in 06s at 2021-04-12 11:59:06
@!@!@ENDMSG 2267 @!@!@
@!@!@STARTMSG 2200:0 @!@!@
Progress(72) at 2021-04-12 11:59:06: 982,698 states generated (151,556 s/min), 267,040 distinct states found (42,535 ds/min), 21,312 states left on queue.
@!@!@ENDMSG 2200 @!@!@
@!@!@STARTMSG 2192:0 @!@!@
Checking temporal properties for the current state space with 282892 total distinct states at (2021-04-12 12:00:06)
@!@!@ENDMSG 2192 @!@!@
@!@!@STARTMSG 2267:0 @!@!@
Finished checking temporal properties in 06s at 2021-04-12 12:00:13
@!@!@ENDMSG 2267 @!@!@
@!@!@STARTMSG 2200:0 @!@!@
Progress(73) at 2021-04-12 12:00:13: 1,133,593 states generated (150,895 s/min), 308,554 distinct states found (41,514 ds/min), 25,657 states left on queue.
@!@!@ENDMSG 2200 @!@!@
@!@!@STARTMSG 2192:0 @!@!@
Checking temporal properties for the current state space with 320725 total distinct states at (2021-04-12 12:01:13)
@!@!@ENDMSG 2192 @!@!@
@!@!@STARTMSG 2267:0 @!@!@
Finished checking temporal properties in 08s at 2021-04-12 12:01:21
@!@!@ENDMSG 2267 @!@!@
@!@!@STARTMSG 2200:0 @!@!@
Progress(75) at 2021-04-12 12:01:21: 1,287,309 states generated (153,716 s/min), 350,719 distinct states found (42,165 ds/min), 29,966 states left on queue.
@!@!@ENDMSG 2200 @!@!@
@!@!@STARTMSG 2192:0 @!@!@
Checking temporal properties for the current state space with 358543 total distinct states at (2021-04-12 12:02:21)
@!@!@ENDMSG 2192 @!@!@
@!@!@STARTMSG 2267:0 @!@!@
Finished checking temporal properties in 09s at 2021-04-12 12:02:31
@!@!@ENDMSG 2267 @!@!@
@!@!@STARTMSG 2200:0 @!@!@
Progress(76) at 2021-04-12 12:02:31: 1,441,932 states generated (154,623 s/min), 392,128 distinct states found (41,409 ds/min), 33,584 states left on queue.
@!@!@ENDMSG 2200 @!@!@
@!@!@STARTMSG 2200:0 @!@!@
Progress(77) at 2021-04-12 12:03:31: 1,557,870 states generated (115,938 s/min), 422,944 distinct states found (30,816 ds/min), 36,003 states left on queue.
@!@!@ENDMSG 2200 @!@!@
@!@!@STARTMSG 2192:0 @!@!@
Checking temporal properties for the current state space with 420372 total distinct states at (2021-04-12 12:04:31)
@!@!@ENDMSG 2192 @!@!@
@!@!@STARTMSG 2267:0 @!@!@
Finished checking temporal properties in 12s at 2021-04-12 12:04:43
@!@!@ENDMSG 2267 @!@!@
@!@!@STARTMSG 2200:0 @!@!@
Progress(78) at 2021-04-12 12:04:43: 1,695,625 states generated (137,755 s/min), 459,130 distinct states found (36,186 ds/min), 38,731 states left on queue.
@!@!@ENDMSG 2200 @!@!@
@!@!@STARTMSG 2200:0 @!@!@
Progress(79) at 2021-04-12 12:05:43: 1,833,431 states generated (137,806 s/min), 495,483 distinct states found (36,353 ds/min), 41,310 states left on queue.
@!@!@ENDMSG 2200 @!@!@
@!@!@STARTMSG 2192:0 @!@!@
Checking temporal properties for the current state space with 486636 total distinct states at (2021-04-12 12:06:43)
@!@!@ENDMSG 2192 @!@!@
@!@!@STARTMSG 2267:0 @!@!@
Finished checking temporal properties in 13s at 2021-04-12 12:06:56
@!@!@ENDMSG 2267 @!@!@
@!@!@STARTMSG 2200:0 @!@!@
Progress(80) at 2021-04-12 12:06:56: 1,967,781 states generated (134,350 s/min), 529,894 distinct states found (34,411 ds/min), 43,256 states left on queue.
@!@!@ENDMSG 2200 @!@!@
@!@!@STARTMSG 2200:0 @!@!@
Progress(80) at 2021-04-12 12:07:56: 2,109,694 states generated (141,913 s/min), 565,734 distinct states found (35,840 ds/min), 45,363 states left on queue.
@!@!@ENDMSG 2200 @!@!@
@!@!@STARTMSG 2192:0 @!@!@
Checking temporal properties for the current state space with 554992 total distinct states at (2021-04-12 12:08:56)
@!@!@ENDMSG 2192 @!@!@
@!@!@STARTMSG 2267:0 @!@!@
Finished checking temporal properties in 18s at 2021-04-12 12:09:15
@!@!@ENDMSG 2267 @!@!@
@!@!@STARTMSG 2200:0 @!@!@
Progress(81) at 2021-04-12 12:09:15: 2,252,410 states generated (142,716 s/min), 602,764 distinct states found (37,030 ds/min), 47,770 states left on queue.
@!@!@ENDMSG 2200 @!@!@
@!@!@STARTMSG 2200:0 @!@!@
Progress(82) at 2021-04-12 12:10:15: 2,376,378 states generated (123,968 s/min), 634,839 distinct states found (32,075 ds/min), 50,271 states left on queue.
@!@!@ENDMSG 2200 @!@!@
@!@!@STARTMSG 2192:0 @!@!@
Checking temporal properties for the current state space with 617405 total distinct states at (2021-04-12 12:11:15)
@!@!@ENDMSG 2192 @!@!@
@!@!@STARTMSG 2267:0 @!@!@
Finished checking temporal properties in 16s at 2021-04-12 12:11:32
@!@!@ENDMSG 2267 @!@!@
@!@!@STARTMSG 2200:0 @!@!@
Progress(82) at 2021-04-12 12:11:32: 2,515,728 states generated (139,350 s/min), 669,280 distinct states found (34,441 ds/min), 51,873 states left on queue.
@!@!@ENDMSG 2200 @!@!@
@!@!@STARTMSG 2200:0 @!@!@
Progress(83) at 2021-04-12 12:12:32: 2,655,182 states generated (139,454 s/min), 704,697 distinct states found (35,417 ds/min), 54,387 states left on queue.
@!@!@ENDMSG 2200 @!@!@
@!@!@STARTMSG 2192:0 @!@!@
Checking temporal properties for the current state space with 683510 total distinct states at (2021-04-12 12:13:32)
@!@!@ENDMSG 2192 @!@!@
@!@!@STARTMSG 2267:0 @!@!@
Finished checking temporal properties in 20s at 2021-04-12 12:13:52
@!@!@ENDMSG 2267 @!@!@
@!@!@STARTMSG 2200:0 @!@!@
Progress(84) at 2021-04-12 12:13:52: 2,795,193 states generated (140,011 s/min), 740,158 distinct states found (35,461 ds/min), 56,646 states left on queue.
@!@!@ENDMSG 2200 @!@!@
@!@!@STARTMSG 2200:0 @!@!@
Progress(84) at 2021-04-12 12:14:52: 2,933,502 states generated (138,309 s/min), 773,978 distinct states found (33,820 ds/min), 58,106 states left on queue.
@!@!@ENDMSG 2200 @!@!@
@!@!@STARTMSG 2200:0 @!@!@
Progress(85) at 2021-04-12 12:15:52: 3,071,896 states generated (138,394 s/min), 809,217 distinct states found (35,239 ds/min), 60,232 states left on queue.
@!@!@ENDMSG 2200 @!@!@
@!@!@STARTMSG 2192:0 @!@!@
Checking temporal properties for the current state space with 780578 total distinct states at (2021-04-12 12:16:52)
@!@!@ENDMSG 2192 @!@!@
@!@!@STARTMSG 2267:0 @!@!@
Finished checking temporal properties in 22s at 2021-04-12 12:17:15
@!@!@ENDMSG 2267 @!@!@
@!@!@STARTMSG 2200:0 @!@!@
Progress(85) at 2021-04-12 12:17:15: 3,209,392 states generated (137,496 s/min), 841,498 distinct states found (32,281 ds/min), 60,918 states left on queue.
@!@!@ENDMSG 2200 @!@!@
@!@!@STARTMSG 2200:0 @!@!@
Progress(86) at 2021-04-12 12:18:15: 3,347,265 states generated (137,873 s/min), 876,031 distinct states found (34,533 ds/min), 62,897 states left on queue.
@!@!@ENDMSG 2200 @!@!@
