@!@!@STARTMSG 2262:0 @!@!@
TLC2 Version 2.16 of 31 December 2020 (rev: cdddf55)
@!@!@ENDMSG 2262 @!@!@
@!@!@STARTMSG 2187:0 @!@!@
Running breadth-first search Model-Checking with fp 95 and seed 8735075514428478981 with 2 workers on 4 cores with 608MB heap and 1365MB offheap memory [pid: 27916] (Mac OS X 10.16 x86_64, AdoptOpenJDK 14.0.1 x86_64, OffHeapDiskFPSet, DiskStateQueue).
@!@!@ENDMSG 2187 @!@!@
@!@!@STARTMSG 2220:0 @!@!@
Starting SANY...
@!@!@ENDMSG 2220 @!@!@
Parsing file /Users/zmy/Documents/codes/RoutingConsistency/drain/drain.toolbox/Model_1/MC.tla
Parsing file /Users/zmy/Documents/codes/RoutingConsistency/drain/drain.toolbox/Model_1/drain.tla
Warning: symbols were renamed.
Parsing file /Applications/TLA+ Toolbox.app/Contents/Eclipse/plugins/org.lamport.tlatools_1.0.0.202012311918/tla2sany/StandardModules/TLC.tla
Parsing file /Applications/TLA+ Toolbox.app/Contents/Eclipse/plugins/org.lamport.tlatools_1.0.0.202012311918/tla2sany/StandardModules/Integers.tla
Parsing file /Applications/TLA+ Toolbox.app/Contents/Eclipse/plugins/org.lamport.tlatools_1.0.0.202012311918/tla2sany/StandardModules/Sequences.tla
Parsing file /Applications/TLA+ Toolbox.app/Contents/Eclipse/plugins/org.lamport.tlatools_1.0.0.202012311918/tla2sany/StandardModules/FiniteSets.tla
Parsing file /Applications/TLA+ Toolbox.app/Contents/Eclipse/plugins/org.lamport.tlatools_1.0.0.202012311918/tla2sany/StandardModules/Naturals.tla
Semantic processing of module Naturals
Semantic processing of module Integers
Semantic processing of module Sequences
Semantic processing of module FiniteSets
Semantic processing of module TLC
Semantic processing of module drain
Semantic processing of module MC
@!@!@STARTMSG 2219:0 @!@!@
SANY finished.
@!@!@ENDMSG 2219 @!@!@
@!@!@STARTMSG 2185:0 @!@!@
Starting... (2021-07-12 10:01:55)
@!@!@ENDMSG 2185 @!@!@
@!@!@STARTMSG 2212:0 @!@!@
Implied-temporal checking--satisfiability problem has 1 branches.
@!@!@ENDMSG 2212 @!@!@
@!@!@STARTMSG 2189:0 @!@!@
Computing initial states...
@!@!@ENDMSG 2189 @!@!@
@!@!@STARTMSG 2190:0 @!@!@
Finished computing initial states: 1 distinct state generated at 2021-07-12 10:01:57.
@!@!@ENDMSG 2190 @!@!@
@!@!@STARTMSG 2132:1 @!@!@
The first argument of Assert evaluated to FALSE; the second argument was:
"Failure of assertion at line 461, column 21."
@!@!@ENDMSG 2132 @!@!@
@!@!@STARTMSG 2121:1 @!@!@
The behavior up to this point is:
@!@!@ENDMSG 2121 @!@!@
@!@!@STARTMSG 2217:4 @!@!@
1: <Initial predicate>
/\ sw_status_update_N = (<<NIB, CONT_EVENT_HANDLER>> :> [type |-> NULL])
/\ sw_status_update_R = (<<RE, CONT_EVENT_HANDLER>> :> [type |-> NULL])
/\ transaction = (<<EXPANDER, CONT_WORKER>> :> <<>>)
/\ req_ = (<<RE, CONT_WORKER>> :> [type |-> NULL])
/\ sw_status_update_e = (<<EXPANDER, CONT_EVENT_HANDLER>> :> [type |-> NULL])
/\ sw_status_update = (<<OFC, CONT_EVENT_HANDLER>> :> [type |-> NULL])
/\ SwStatusOFC = (s0 :> SW_UNDRAINED @@ s1 :> SW_UNDRAINED)
/\ sw_status_ = (<<UPGRADER, CONT_WORKER>> :> NULL)
/\ op = (<<SW_SIMPLE_ID, s0>> :> [type |-> NULL] @@ <<SW_SIMPLE_ID, s1>> :> [type |-> NULL])
/\ opRequest_ = (<<UPGRADER, CONT_WORKER>> :> [type |-> 0])
/\ OFC2SW = (s0 :> <<>> @@ s1 :> <<>>)
/\ RE2NIB = <<>>
/\ pc = (<<OFC, CONT_SW_MANAGEMENT>> :> "DrainerProc" @@ <<OFC, CONT_EVENT_HANDLER>> :> "OFCSWEventHandlingProc" @@ <<SW_MANAGE_PROC, s0>> :> "SWManagementProc_" @@ <<SW_MANAGE_PROC, s1>> :> "SWManagementProc_" @@ <<UPGRADER, CONT_WORKER>> :> "UpgraderThread" @@ <<UPGRADER, CONT_EVENT_HANDLER>> :> "UpgraderNIBEventHandlerProc" @@ <<EXPANDER, CONT_WORKER>> :> "ExpanderThread" @@ <<EXPANDER, CONT_EVENT_HANDLER>> :> "ExpanderNIBEventHandlerProc" @@ <<NIB, CONT_EVENT_HANDLER>> :> "NIBEventHandlerForREProc_" @@ <<RE, CONT_WORKER>> :> "REWorkerProc" @@ <<RE, CONT_EVENT_HANDLER>> :> "RESWEventHandlerProc" @@ <<SW_SIMPLE_ID, s0>> :> "SWManagementProc" @@ <<SW_SIMPLE_ID, s1>> :> "SWManagementProc")
/\ SwStatusRE = (s0 :> SW_UNDRAINED @@ s1 :> SW_UNDRAINED)
/\ transaction_ = (<<UPGRADER, CONT_WORKER>> :> <<>>)
/\ Upgrader2NIB = <<>>
/\ SW2OFC = <<>>
/\ DrainRequestQueue = <<>>
/\ sw_ = (<<UPGRADER, CONT_WORKER>> :> NULL)
/\ ExpanderRequestQueue = <<[type |-> REMOVE_SW, sw |-> s0]>>
/\ opRequest = (<<EXPANDER, CONT_WORKER>> :> [type |-> 0])
/\ NIB2Upgrader = <<>>
/\ req = (<<OFC, CONT_SW_MANAGEMENT>> :> [type |-> NULL])
/\ NIB2Expander = <<>>
/\ OFC2NIB = <<>>
/\ RE2SW = (s0 :> <<>> @@ s1 :> <<>>)
/\ sw_e = (<<EXPANDER, CONT_WORKER>> :> NULL)
/\ sw = (<<SW_SIMPLE_ID, s0>> :> s0 @@ <<SW_SIMPLE_ID, s1>> :> s1)
/\ sw_status_update_ = (<<UPGRADER, CONT_EVENT_HANDLER>> :> [type |-> NULL])
/\ sw_status = (<<EXPANDER, CONT_WORKER>> :> NULL)
/\ sw_id = (<<SW_MANAGE_PROC, s0>> :> s0 @@ <<SW_MANAGE_PROC, s1>> :> s1)
/\ SwStatus = (s0 :> SW_UNDRAINED @@ s1 :> SW_UNDRAINED)
/\ SWManagementQueue = <<>>
/\ Expander2NIB = <<>>
/\ SW2RE = <<>>
/\ op_ = (<<SW_MANAGE_PROC, s0>> :> [type |-> NULL] @@ <<SW_MANAGE_PROC, s1>> :> [type |-> NULL])
/\ SwStatusUpgrader = (s0 :> SW_UNDRAINED @@ s1 :> SW_UNDRAINED)
/\ SwStatusExpander = (s0 :> SW_UNDRAINED @@ s1 :> SW_UNDRAINED)
/\ UpgraderRequestQueue = <<[type |-> REMOVE_SW, sw |-> s0], [type |-> RUN_SW, sw |-> s0]>>
/\ SwStatusNIB = (s0 :> SW_UNDRAINED @@ s1 :> SW_UNDRAINED)

@!@!@ENDMSG 2217 @!@!@
@!@!@STARTMSG 2217:4 @!@!@
2: <UpgraderThread line 585, col 25 to line 649, col 79 of module drain>
/\ sw_status_update_N = (<<NIB, CONT_EVENT_HANDLER>> :> [type |-> NULL])
/\ sw_status_update_R = (<<RE, CONT_EVENT_HANDLER>> :> [type |-> NULL])
/\ transaction = (<<EXPANDER, CONT_WORKER>> :> <<>>)
/\ req_ = (<<RE, CONT_WORKER>> :> [type |-> NULL])
/\ sw_status_update_e = (<<EXPANDER, CONT_EVENT_HANDLER>> :> [type |-> NULL])
/\ sw_status_update = (<<OFC, CONT_EVENT_HANDLER>> :> [type |-> NULL])
/\ SwStatusOFC = (s0 :> SW_UNDRAINED @@ s1 :> SW_UNDRAINED)
/\ sw_status_ = (<<UPGRADER, CONT_WORKER>> :> SW_UNDRAINED)
/\ op = (<<SW_SIMPLE_ID, s0>> :> [type |-> NULL] @@ <<SW_SIMPLE_ID, s1>> :> [type |-> NULL])
/\ opRequest_ = (<<UPGRADER, CONT_WORKER>> :> [type |-> REMOVE_SW, sw |-> s0])
/\ OFC2SW = (s0 :> <<>> @@ s1 :> <<>>)
/\ RE2NIB = <<>>
/\ pc = (<<OFC, CONT_SW_MANAGEMENT>> :> "DrainerProc" @@ <<OFC, CONT_EVENT_HANDLER>> :> "OFCSWEventHandlingProc" @@ <<SW_MANAGE_PROC, s0>> :> "SWManagementProc_" @@ <<SW_MANAGE_PROC, s1>> :> "SWManagementProc_" @@ <<UPGRADER, CONT_WORKER>> :> "UpgraderAwaitSwDrained3" @@ <<UPGRADER, CONT_EVENT_HANDLER>> :> "UpgraderNIBEventHandlerProc" @@ <<EXPANDER, CONT_WORKER>> :> "ExpanderThread" @@ <<EXPANDER, CONT_EVENT_HANDLER>> :> "ExpanderNIBEventHandlerProc" @@ <<NIB, CONT_EVENT_HANDLER>> :> "NIBEventHandlerForREProc_" @@ <<RE, CONT_WORKER>> :> "REWorkerProc" @@ <<RE, CONT_EVENT_HANDLER>> :> "RESWEventHandlerProc" @@ <<SW_SIMPLE_ID, s0>> :> "SWManagementProc" @@ <<SW_SIMPLE_ID, s1>> :> "SWManagementProc")
/\ SwStatusRE = (s0 :> SW_UNDRAINED @@ s1 :> SW_UNDRAINED)
/\ transaction_ = (<<UPGRADER, CONT_WORKER>> :> <<>>)
/\ Upgrader2NIB = <<>>
/\ SW2OFC = <<>>
/\ DrainRequestQueue = <<[type |-> MSG_SW_STATUS_CHANGE, sw |-> s0, value |-> SW_DRAINED]>>
/\ sw_ = (<<UPGRADER, CONT_WORKER>> :> s0)
/\ ExpanderRequestQueue = <<[type |-> REMOVE_SW, sw |-> s0]>>
/\ opRequest = (<<EXPANDER, CONT_WORKER>> :> [type |-> 0])
/\ NIB2Upgrader = <<>>
/\ req = (<<OFC, CONT_SW_MANAGEMENT>> :> [type |-> NULL])
/\ NIB2Expander = <<>>
/\ OFC2NIB = <<>>
/\ RE2SW = (s0 :> <<>> @@ s1 :> <<>>)
/\ sw_e = (<<EXPANDER, CONT_WORKER>> :> NULL)
/\ sw = (<<SW_SIMPLE_ID, s0>> :> s0 @@ <<SW_SIMPLE_ID, s1>> :> s1)
/\ sw_status_update_ = (<<UPGRADER, CONT_EVENT_HANDLER>> :> [type |-> NULL])
/\ sw_status = (<<EXPANDER, CONT_WORKER>> :> NULL)
/\ sw_id = (<<SW_MANAGE_PROC, s0>> :> s0 @@ <<SW_MANAGE_PROC, s1>> :> s1)
/\ SwStatus = (s0 :> SW_UNDRAINED @@ s1 :> SW_UNDRAINED)
/\ SWManagementQueue = <<>>
/\ Expander2NIB = <<>>
/\ SW2RE = <<>>
/\ op_ = (<<SW_MANAGE_PROC, s0>> :> [type |-> NULL] @@ <<SW_MANAGE_PROC, s1>> :> [type |-> NULL])
/\ SwStatusUpgrader = (s0 :> SW_UNDRAINED @@ s1 :> SW_UNDRAINED)
/\ SwStatusExpander = (s0 :> SW_UNDRAINED @@ s1 :> SW_UNDRAINED)
/\ UpgraderRequestQueue = <<[type |-> REMOVE_SW, sw |-> s0], [type |-> RUN_SW, sw |-> s0]>>
/\ SwStatusNIB = (s0 :> SW_UNDRAINED @@ s1 :> SW_UNDRAINED)

@!@!@ENDMSG 2217 @!@!@
@!@!@STARTMSG 2217:4 @!@!@
3: <ExpanderThread line 864, col 25 to line 928, col 79 of module drain>
/\ sw_status_update_N = (<<NIB, CONT_EVENT_HANDLER>> :> [type |-> NULL])
/\ sw_status_update_R = (<<RE, CONT_EVENT_HANDLER>> :> [type |-> NULL])
/\ transaction = (<<EXPANDER, CONT_WORKER>> :> <<>>)
/\ req_ = (<<RE, CONT_WORKER>> :> [type |-> NULL])
/\ sw_status_update_e = (<<EXPANDER, CONT_EVENT_HANDLER>> :> [type |-> NULL])
/\ sw_status_update = (<<OFC, CONT_EVENT_HANDLER>> :> [type |-> NULL])
/\ SwStatusOFC = (s0 :> SW_UNDRAINED @@ s1 :> SW_UNDRAINED)
/\ sw_status_ = (<<UPGRADER, CONT_WORKER>> :> SW_UNDRAINED)
/\ op = (<<SW_SIMPLE_ID, s0>> :> [type |-> NULL] @@ <<SW_SIMPLE_ID, s1>> :> [type |-> NULL])
/\ opRequest_ = (<<UPGRADER, CONT_WORKER>> :> [type |-> REMOVE_SW, sw |-> s0])
/\ OFC2SW = (s0 :> <<>> @@ s1 :> <<>>)
/\ RE2NIB = <<>>
/\ pc = (<<OFC, CONT_SW_MANAGEMENT>> :> "DrainerProc" @@ <<OFC, CONT_EVENT_HANDLER>> :> "OFCSWEventHandlingProc" @@ <<SW_MANAGE_PROC, s0>> :> "SWManagementProc_" @@ <<SW_MANAGE_PROC, s1>> :> "SWManagementProc_" @@ <<UPGRADER, CONT_WORKER>> :> "UpgraderAwaitSwDrained3" @@ <<UPGRADER, CONT_EVENT_HANDLER>> :> "UpgraderNIBEventHandlerProc" @@ <<EXPANDER, CONT_WORKER>> :> "ExpanderAwaitSwDrained3" @@ <<EXPANDER, CONT_EVENT_HANDLER>> :> "ExpanderNIBEventHandlerProc" @@ <<NIB, CONT_EVENT_HANDLER>> :> "NIBEventHandlerForREProc_" @@ <<RE, CONT_WORKER>> :> "REWorkerProc" @@ <<RE, CONT_EVENT_HANDLER>> :> "RESWEventHandlerProc" @@ <<SW_SIMPLE_ID, s0>> :> "SWManagementProc" @@ <<SW_SIMPLE_ID, s1>> :> "SWManagementProc")
/\ SwStatusRE = (s0 :> SW_UNDRAINED @@ s1 :> SW_UNDRAINED)
/\ transaction_ = (<<UPGRADER, CONT_WORKER>> :> <<>>)
/\ Upgrader2NIB = <<>>
/\ SW2OFC = <<>>
/\ DrainRequestQueue = <<[type |-> MSG_SW_STATUS_CHANGE, sw |-> s0, value |-> SW_DRAINED], [type |-> MSG_SW_STATUS_CHANGE, sw |-> s0, value |-> SW_DRAINED]>>
/\ sw_ = (<<UPGRADER, CONT_WORKER>> :> s0)
/\ ExpanderRequestQueue = <<[type |-> REMOVE_SW, sw |-> s0]>>
/\ opRequest = (<<EXPANDER, CONT_WORKER>> :> [type |-> REMOVE_SW, sw |-> s0])
/\ NIB2Upgrader = <<>>
/\ req = (<<OFC, CONT_SW_MANAGEMENT>> :> [type |-> NULL])
/\ NIB2Expander = <<>>
/\ OFC2NIB = <<>>
/\ RE2SW = (s0 :> <<>> @@ s1 :> <<>>)
/\ sw_e = (<<EXPANDER, CONT_WORKER>> :> s0)
/\ sw = (<<SW_SIMPLE_ID, s0>> :> s0 @@ <<SW_SIMPLE_ID, s1>> :> s1)
/\ sw_status_update_ = (<<UPGRADER, CONT_EVENT_HANDLER>> :> [type |-> NULL])
/\ sw_status = (<<EXPANDER, CONT_WORKER>> :> SW_UNDRAINED)
/\ sw_id = (<<SW_MANAGE_PROC, s0>> :> s0 @@ <<SW_MANAGE_PROC, s1>> :> s1)
/\ SwStatus = (s0 :> SW_UNDRAINED @@ s1 :> SW_UNDRAINED)
/\ SWManagementQueue = <<>>
/\ Expander2NIB = <<>>
/\ SW2RE = <<>>
/\ op_ = (<<SW_MANAGE_PROC, s0>> :> [type |-> NULL] @@ <<SW_MANAGE_PROC, s1>> :> [type |-> NULL])
/\ SwStatusUpgrader = (s0 :> SW_UNDRAINED @@ s1 :> SW_UNDRAINED)
/\ SwStatusExpander = (s0 :> SW_UNDRAINED @@ s1 :> SW_UNDRAINED)
/\ UpgraderRequestQueue = <<[type |-> REMOVE_SW, sw |-> s0], [type |-> RUN_SW, sw |-> s0]>>
/\ SwStatusNIB = (s0 :> SW_UNDRAINED @@ s1 :> SW_UNDRAINED)

@!@!@ENDMSG 2217 @!@!@
@!@!@STARTMSG 2217:4 @!@!@
4: <REWorkerProc line 1210, col 23 to line 1229, col 77 of module drain>
/\ sw_status_update_N = (<<NIB, CONT_EVENT_HANDLER>> :> [type |-> NULL])
/\ sw_status_update_R = (<<RE, CONT_EVENT_HANDLER>> :> [type |-> NULL])
/\ transaction = (<<EXPANDER, CONT_WORKER>> :> <<>>)
/\ req_ = (<<RE, CONT_WORKER>> :> [type |-> MSG_SW_STATUS_CHANGE, sw |-> s0, value |-> SW_DRAINED])
/\ sw_status_update_e = (<<EXPANDER, CONT_EVENT_HANDLER>> :> [type |-> NULL])
/\ sw_status_update = (<<OFC, CONT_EVENT_HANDLER>> :> [type |-> NULL])
/\ SwStatusOFC = (s0 :> SW_UNDRAINED @@ s1 :> SW_UNDRAINED)
/\ sw_status_ = (<<UPGRADER, CONT_WORKER>> :> SW_UNDRAINED)
/\ op = (<<SW_SIMPLE_ID, s0>> :> [type |-> NULL] @@ <<SW_SIMPLE_ID, s1>> :> [type |-> NULL])
/\ opRequest_ = (<<UPGRADER, CONT_WORKER>> :> [type |-> REMOVE_SW, sw |-> s0])
/\ OFC2SW = (s0 :> <<>> @@ s1 :> <<>>)
/\ RE2NIB = <<>>
/\ pc = (<<OFC, CONT_SW_MANAGEMENT>> :> "DrainerProc" @@ <<OFC, CONT_EVENT_HANDLER>> :> "OFCSWEventHandlingProc" @@ <<SW_MANAGE_PROC, s0>> :> "SWManagementProc_" @@ <<SW_MANAGE_PROC, s1>> :> "SWManagementProc_" @@ <<UPGRADER, CONT_WORKER>> :> "UpgraderAwaitSwDrained3" @@ <<UPGRADER, CONT_EVENT_HANDLER>> :> "UpgraderNIBEventHandlerProc" @@ <<EXPANDER, CONT_WORKER>> :> "ExpanderAwaitSwDrained3" @@ <<EXPANDER, CONT_EVENT_HANDLER>> :> "ExpanderNIBEventHandlerProc" @@ <<NIB, CONT_EVENT_HANDLER>> :> "NIBEventHandlerForREProc_" @@ <<RE, CONT_WORKER>> :> "REWorkerProc" @@ <<RE, CONT_EVENT_HANDLER>> :> "RESWEventHandlerProc" @@ <<SW_SIMPLE_ID, s0>> :> "SWManagementProc" @@ <<SW_SIMPLE_ID, s1>> :> "SWManagementProc")
/\ SwStatusRE = (s0 :> SW_UNDRAINED @@ s1 :> SW_UNDRAINED)
/\ transaction_ = (<<UPGRADER, CONT_WORKER>> :> <<>>)
/\ Upgrader2NIB = <<>>
/\ SW2OFC = <<>>
/\ DrainRequestQueue = <<[type |-> MSG_SW_STATUS_CHANGE, sw |-> s0, value |-> SW_DRAINED]>>
/\ sw_ = (<<UPGRADER, CONT_WORKER>> :> s0)
/\ ExpanderRequestQueue = <<[type |-> REMOVE_SW, sw |-> s0]>>
/\ opRequest = (<<EXPANDER, CONT_WORKER>> :> [type |-> REMOVE_SW, sw |-> s0])
/\ NIB2Upgrader = <<>>
/\ req = (<<OFC, CONT_SW_MANAGEMENT>> :> [type |-> NULL])
/\ NIB2Expander = <<>>
/\ OFC2NIB = <<>>
/\ RE2SW = (s0 :> <<[type |-> MSG_SW_STATUS_CHANGE, sw |-> s0, value |-> SW_DRAINED]>> @@ s1 :> <<>>)
/\ sw_e = (<<EXPANDER, CONT_WORKER>> :> s0)
/\ sw = (<<SW_SIMPLE_ID, s0>> :> s0 @@ <<SW_SIMPLE_ID, s1>> :> s1)
/\ sw_status_update_ = (<<UPGRADER, CONT_EVENT_HANDLER>> :> [type |-> NULL])
/\ sw_status = (<<EXPANDER, CONT_WORKER>> :> SW_UNDRAINED)
/\ sw_id = (<<SW_MANAGE_PROC, s0>> :> s0 @@ <<SW_MANAGE_PROC, s1>> :> s1)
/\ SwStatus = (s0 :> SW_UNDRAINED @@ s1 :> SW_UNDRAINED)
/\ SWManagementQueue = <<>>
/\ Expander2NIB = <<>>
/\ SW2RE = <<>>
/\ op_ = (<<SW_MANAGE_PROC, s0>> :> [type |-> NULL] @@ <<SW_MANAGE_PROC, s1>> :> [type |-> NULL])
/\ SwStatusUpgrader = (s0 :> SW_UNDRAINED @@ s1 :> SW_UNDRAINED)
/\ SwStatusExpander = (s0 :> SW_UNDRAINED @@ s1 :> SW_UNDRAINED)
/\ UpgraderRequestQueue = <<[type |-> REMOVE_SW, sw |-> s0], [type |-> RUN_SW, sw |-> s0]>>
/\ SwStatusNIB = (s0 :> SW_UNDRAINED @@ s1 :> SW_UNDRAINED)

@!@!@ENDMSG 2217 @!@!@
@!@!@STARTMSG 2217:4 @!@!@
5: <REWorkerProc line 1210, col 23 to line 1229, col 77 of module drain>
/\ sw_status_update_N = (<<NIB, CONT_EVENT_HANDLER>> :> [type |-> NULL])
/\ sw_status_update_R = (<<RE, CONT_EVENT_HANDLER>> :> [type |-> NULL])
/\ transaction = (<<EXPANDER, CONT_WORKER>> :> <<>>)
/\ req_ = (<<RE, CONT_WORKER>> :> [type |-> MSG_SW_STATUS_CHANGE, sw |-> s0, value |-> SW_DRAINED])
/\ sw_status_update_e = (<<EXPANDER, CONT_EVENT_HANDLER>> :> [type |-> NULL])
/\ sw_status_update = (<<OFC, CONT_EVENT_HANDLER>> :> [type |-> NULL])
/\ SwStatusOFC = (s0 :> SW_UNDRAINED @@ s1 :> SW_UNDRAINED)
/\ sw_status_ = (<<UPGRADER, CONT_WORKER>> :> SW_UNDRAINED)
/\ op = (<<SW_SIMPLE_ID, s0>> :> [type |-> NULL] @@ <<SW_SIMPLE_ID, s1>> :> [type |-> NULL])
/\ opRequest_ = (<<UPGRADER, CONT_WORKER>> :> [type |-> REMOVE_SW, sw |-> s0])
/\ OFC2SW = (s0 :> <<>> @@ s1 :> <<>>)
/\ RE2NIB = <<>>
/\ pc = (<<OFC, CONT_SW_MANAGEMENT>> :> "DrainerProc" @@ <<OFC, CONT_EVENT_HANDLER>> :> "OFCSWEventHandlingProc" @@ <<SW_MANAGE_PROC, s0>> :> "SWManagementProc_" @@ <<SW_MANAGE_PROC, s1>> :> "SWManagementProc_" @@ <<UPGRADER, CONT_WORKER>> :> "UpgraderAwaitSwDrained3" @@ <<UPGRADER, CONT_EVENT_HANDLER>> :> "UpgraderNIBEventHandlerProc" @@ <<EXPANDER, CONT_WORKER>> :> "ExpanderAwaitSwDrained3" @@ <<EXPANDER, CONT_EVENT_HANDLER>> :> "ExpanderNIBEventHandlerProc" @@ <<NIB, CONT_EVENT_HANDLER>> :> "NIBEventHandlerForREProc_" @@ <<RE, CONT_WORKER>> :> "REWorkerProc" @@ <<RE, CONT_EVENT_HANDLER>> :> "RESWEventHandlerProc" @@ <<SW_SIMPLE_ID, s0>> :> "SWManagementProc" @@ <<SW_SIMPLE_ID, s1>> :> "SWManagementProc")
/\ SwStatusRE = (s0 :> SW_UNDRAINED @@ s1 :> SW_UNDRAINED)
/\ transaction_ = (<<UPGRADER, CONT_WORKER>> :> <<>>)
/\ Upgrader2NIB = <<>>
/\ SW2OFC = <<>>
/\ DrainRequestQueue = <<>>
/\ sw_ = (<<UPGRADER, CONT_WORKER>> :> s0)
/\ ExpanderRequestQueue = <<[type |-> REMOVE_SW, sw |-> s0]>>
/\ opRequest = (<<EXPANDER, CONT_WORKER>> :> [type |-> REMOVE_SW, sw |-> s0])
/\ NIB2Upgrader = <<>>
/\ req = (<<OFC, CONT_SW_MANAGEMENT>> :> [type |-> NULL])
/\ NIB2Expander = <<>>
/\ OFC2NIB = <<>>
/\ RE2SW = (s0 :> <<[type |-> MSG_SW_STATUS_CHANGE, sw |-> s0, value |-> SW_DRAINED], [type |-> MSG_SW_STATUS_CHANGE, sw |-> s0, value |-> SW_DRAINED]>> @@ s1 :> <<>>)
/\ sw_e = (<<EXPANDER, CONT_WORKER>> :> s0)
/\ sw = (<<SW_SIMPLE_ID, s0>> :> s0 @@ <<SW_SIMPLE_ID, s1>> :> s1)
/\ sw_status_update_ = (<<UPGRADER, CONT_EVENT_HANDLER>> :> [type |-> NULL])
/\ sw_status = (<<EXPANDER, CONT_WORKER>> :> SW_UNDRAINED)
/\ sw_id = (<<SW_MANAGE_PROC, s0>> :> s0 @@ <<SW_MANAGE_PROC, s1>> :> s1)
/\ SwStatus = (s0 :> SW_UNDRAINED @@ s1 :> SW_UNDRAINED)
/\ SWManagementQueue = <<>>
/\ Expander2NIB = <<>>
/\ SW2RE = <<>>
/\ op_ = (<<SW_MANAGE_PROC, s0>> :> [type |-> NULL] @@ <<SW_MANAGE_PROC, s1>> :> [type |-> NULL])
/\ SwStatusUpgrader = (s0 :> SW_UNDRAINED @@ s1 :> SW_UNDRAINED)
/\ SwStatusExpander = (s0 :> SW_UNDRAINED @@ s1 :> SW_UNDRAINED)
/\ UpgraderRequestQueue = <<[type |-> REMOVE_SW, sw |-> s0], [type |-> RUN_SW, sw |-> s0]>>
/\ SwStatusNIB = (s0 :> SW_UNDRAINED @@ s1 :> SW_UNDRAINED)

@!@!@ENDMSG 2217 @!@!@
@!@!@STARTMSG 2217:4 @!@!@
6: <SWManagementProc line 1352, col 27 to line 1396, col 77 of module drain>
/\ sw_status_update_N = (<<NIB, CONT_EVENT_HANDLER>> :> [type |-> NULL])
/\ sw_status_update_R = (<<RE, CONT_EVENT_HANDLER>> :> [type |-> NULL])
/\ transaction = (<<EXPANDER, CONT_WORKER>> :> <<>>)
/\ req_ = (<<RE, CONT_WORKER>> :> [type |-> MSG_SW_STATUS_CHANGE, sw |-> s0, value |-> SW_DRAINED])
/\ sw_status_update_e = (<<EXPANDER, CONT_EVENT_HANDLER>> :> [type |-> NULL])
/\ sw_status_update = (<<OFC, CONT_EVENT_HANDLER>> :> [type |-> NULL])
/\ SwStatusOFC = (s0 :> SW_UNDRAINED @@ s1 :> SW_UNDRAINED)
/\ sw_status_ = (<<UPGRADER, CONT_WORKER>> :> SW_UNDRAINED)
/\ op = (<<SW_SIMPLE_ID, s0>> :> [type |-> MSG_SW_STATUS_CHANGE, sw |-> s0, value |-> SW_DRAINED] @@ <<SW_SIMPLE_ID, s1>> :> [type |-> NULL])
/\ opRequest_ = (<<UPGRADER, CONT_WORKER>> :> [type |-> REMOVE_SW, sw |-> s0])
/\ OFC2SW = (s0 :> <<>> @@ s1 :> <<>>)
/\ RE2NIB = <<>>
/\ pc = (<<OFC, CONT_SW_MANAGEMENT>> :> "DrainerProc" @@ <<OFC, CONT_EVENT_HANDLER>> :> "OFCSWEventHandlingProc" @@ <<SW_MANAGE_PROC, s0>> :> "SWManagementProc_" @@ <<SW_MANAGE_PROC, s1>> :> "SWManagementProc_" @@ <<UPGRADER, CONT_WORKER>> :> "UpgraderAwaitSwDrained3" @@ <<UPGRADER, CONT_EVENT_HANDLER>> :> "UpgraderNIBEventHandlerProc" @@ <<EXPANDER, CONT_WORKER>> :> "ExpanderAwaitSwDrained3" @@ <<EXPANDER, CONT_EVENT_HANDLER>> :> "ExpanderNIBEventHandlerProc" @@ <<NIB, CONT_EVENT_HANDLER>> :> "NIBEventHandlerForREProc_" @@ <<RE, CONT_WORKER>> :> "REWorkerProc" @@ <<RE, CONT_EVENT_HANDLER>> :> "RESWEventHandlerProc" @@ <<SW_SIMPLE_ID, s0>> :> "SWManagementProc" @@ <<SW_SIMPLE_ID, s1>> :> "SWManagementProc")
/\ SwStatusRE = (s0 :> SW_UNDRAINED @@ s1 :> SW_UNDRAINED)
/\ transaction_ = (<<UPGRADER, CONT_WORKER>> :> <<>>)
/\ Upgrader2NIB = <<>>
/\ SW2OFC = <<>>
/\ DrainRequestQueue = <<>>
/\ sw_ = (<<UPGRADER, CONT_WORKER>> :> s0)
/\ ExpanderRequestQueue = <<[type |-> REMOVE_SW, sw |-> s0]>>
/\ opRequest = (<<EXPANDER, CONT_WORKER>> :> [type |-> REMOVE_SW, sw |-> s0])
/\ NIB2Upgrader = <<>>
/\ req = (<<OFC, CONT_SW_MANAGEMENT>> :> [type |-> NULL])
/\ NIB2Expander = <<>>
/\ OFC2NIB = <<>>
/\ RE2SW = (s0 :> <<[type |-> MSG_SW_STATUS_CHANGE, sw |-> s0, value |-> SW_DRAINED]>> @@ s1 :> <<>>)
/\ sw_e = (<<EXPANDER, CONT_WORKER>> :> s0)
/\ sw = (<<SW_SIMPLE_ID, s0>> :> s0 @@ <<SW_SIMPLE_ID, s1>> :> s1)
/\ sw_status_update_ = (<<UPGRADER, CONT_EVENT_HANDLER>> :> [type |-> NULL])
/\ sw_status = (<<EXPANDER, CONT_WORKER>> :> SW_UNDRAINED)
/\ sw_id = (<<SW_MANAGE_PROC, s0>> :> s0 @@ <<SW_MANAGE_PROC, s1>> :> s1)
/\ SwStatus = (s0 :> SW_DRAINED @@ s1 :> SW_UNDRAINED)
/\ SWManagementQueue = <<>>
/\ Expander2NIB = <<>>
/\ SW2RE = <<[type |-> MSG_SW_STATUS_CHANGE, sw |-> s0, value |-> SW_DRAINED]>>
/\ op_ = (<<SW_MANAGE_PROC, s0>> :> [type |-> NULL] @@ <<SW_MANAGE_PROC, s1>> :> [type |-> NULL])
/\ SwStatusUpgrader = (s0 :> SW_UNDRAINED @@ s1 :> SW_UNDRAINED)
/\ SwStatusExpander = (s0 :> SW_UNDRAINED @@ s1 :> SW_UNDRAINED)
/\ UpgraderRequestQueue = <<[type |-> REMOVE_SW, sw |-> s0], [type |-> RUN_SW, sw |-> s0]>>
/\ SwStatusNIB = (s0 :> SW_UNDRAINED @@ s1 :> SW_UNDRAINED)

@!@!@ENDMSG 2217 @!@!@
@!@!@STARTMSG 2217:4 @!@!@
7: <RESWEventHandlerProc line 1233, col 31 to line 1258, col 51 of module drain>
/\ sw_status_update_N = (<<NIB, CONT_EVENT_HANDLER>> :> [type |-> NULL])
/\ sw_status_update_R = (<<RE, CONT_EVENT_HANDLER>> :> [type |-> MSG_SW_STATUS_CHANGE, sw |-> s0, value |-> SW_DRAINED])
/\ transaction = (<<EXPANDER, CONT_WORKER>> :> <<>>)
/\ req_ = (<<RE, CONT_WORKER>> :> [type |-> MSG_SW_STATUS_CHANGE, sw |-> s0, value |-> SW_DRAINED])
/\ sw_status_update_e = (<<EXPANDER, CONT_EVENT_HANDLER>> :> [type |-> NULL])
/\ sw_status_update = (<<OFC, CONT_EVENT_HANDLER>> :> [type |-> NULL])
/\ SwStatusOFC = (s0 :> SW_UNDRAINED @@ s1 :> SW_UNDRAINED)
/\ sw_status_ = (<<UPGRADER, CONT_WORKER>> :> SW_UNDRAINED)
/\ op = (<<SW_SIMPLE_ID, s0>> :> [type |-> MSG_SW_STATUS_CHANGE, sw |-> s0, value |-> SW_DRAINED] @@ <<SW_SIMPLE_ID, s1>> :> [type |-> NULL])
/\ opRequest_ = (<<UPGRADER, CONT_WORKER>> :> [type |-> REMOVE_SW, sw |-> s0])
/\ OFC2SW = (s0 :> <<>> @@ s1 :> <<>>)
/\ RE2NIB = <<[type |-> MSG_SW_STATUS_CHANGE, sw |-> s0, value |-> SW_DRAINED]>>
/\ pc = (<<OFC, CONT_SW_MANAGEMENT>> :> "DrainerProc" @@ <<OFC, CONT_EVENT_HANDLER>> :> "OFCSWEventHandlingProc" @@ <<SW_MANAGE_PROC, s0>> :> "SWManagementProc_" @@ <<SW_MANAGE_PROC, s1>> :> "SWManagementProc_" @@ <<UPGRADER, CONT_WORKER>> :> "UpgraderAwaitSwDrained3" @@ <<UPGRADER, CONT_EVENT_HANDLER>> :> "UpgraderNIBEventHandlerProc" @@ <<EXPANDER, CONT_WORKER>> :> "ExpanderAwaitSwDrained3" @@ <<EXPANDER, CONT_EVENT_HANDLER>> :> "ExpanderNIBEventHandlerProc" @@ <<NIB, CONT_EVENT_HANDLER>> :> "NIBEventHandlerForREProc_" @@ <<RE, CONT_WORKER>> :> "REWorkerProc" @@ <<RE, CONT_EVENT_HANDLER>> :> "RESWEventHandlerProc" @@ <<SW_SIMPLE_ID, s0>> :> "SWManagementProc" @@ <<SW_SIMPLE_ID, s1>> :> "SWManagementProc")
/\ SwStatusRE = (s0 :> SW_DRAINED @@ s1 :> SW_UNDRAINED)
/\ transaction_ = (<<UPGRADER, CONT_WORKER>> :> <<>>)
/\ Upgrader2NIB = <<>>
/\ SW2OFC = <<>>
/\ DrainRequestQueue = <<>>
/\ sw_ = (<<UPGRADER, CONT_WORKER>> :> s0)
/\ ExpanderRequestQueue = <<[type |-> REMOVE_SW, sw |-> s0]>>
/\ opRequest = (<<EXPANDER, CONT_WORKER>> :> [type |-> REMOVE_SW, sw |-> s0])
/\ NIB2Upgrader = <<>>
/\ req = (<<OFC, CONT_SW_MANAGEMENT>> :> [type |-> NULL])
/\ NIB2Expander = <<>>
/\ OFC2NIB = <<>>
/\ RE2SW = (s0 :> <<[type |-> MSG_SW_STATUS_CHANGE, sw |-> s0, value |-> SW_DRAINED]>> @@ s1 :> <<>>)
/\ sw_e = (<<EXPANDER, CONT_WORKER>> :> s0)
/\ sw = (<<SW_SIMPLE_ID, s0>> :> s0 @@ <<SW_SIMPLE_ID, s1>> :> s1)
/\ sw_status_update_ = (<<UPGRADER, CONT_EVENT_HANDLER>> :> [type |-> NULL])
/\ sw_status = (<<EXPANDER, CONT_WORKER>> :> SW_UNDRAINED)
/\ sw_id = (<<SW_MANAGE_PROC, s0>> :> s0 @@ <<SW_MANAGE_PROC, s1>> :> s1)
/\ SwStatus = (s0 :> SW_DRAINED @@ s1 :> SW_UNDRAINED)
/\ SWManagementQueue = <<>>
/\ Expander2NIB = <<>>
/\ SW2RE = <<>>
/\ op_ = (<<SW_MANAGE_PROC, s0>> :> [type |-> NULL] @@ <<SW_MANAGE_PROC, s1>> :> [type |-> NULL])
/\ SwStatusUpgrader = (s0 :> SW_UNDRAINED @@ s1 :> SW_UNDRAINED)
/\ SwStatusExpander = (s0 :> SW_UNDRAINED @@ s1 :> SW_UNDRAINED)
/\ UpgraderRequestQueue = <<[type |-> REMOVE_SW, sw |-> s0], [type |-> RUN_SW, sw |-> s0]>>
/\ SwStatusNIB = (s0 :> SW_UNDRAINED @@ s1 :> SW_UNDRAINED)

@!@!@ENDMSG 2217 @!@!@
@!@!@STARTMSG 2217:4 @!@!@
8: <NIBEventHandlerForREProc_ line 1139, col 36 to line 1171, col 67 of module drain>
/\ sw_status_update_N = (<<NIB, CONT_EVENT_HANDLER>> :> [type |-> MSG_SW_STATUS_CHANGE, sw |-> s0, value |-> SW_DRAINED])
/\ sw_status_update_R = (<<RE, CONT_EVENT_HANDLER>> :> [type |-> MSG_SW_STATUS_CHANGE, sw |-> s0, value |-> SW_DRAINED])
/\ transaction = (<<EXPANDER, CONT_WORKER>> :> <<>>)
/\ req_ = (<<RE, CONT_WORKER>> :> [type |-> MSG_SW_STATUS_CHANGE, sw |-> s0, value |-> SW_DRAINED])
/\ sw_status_update_e = (<<EXPANDER, CONT_EVENT_HANDLER>> :> [type |-> NULL])
/\ sw_status_update = (<<OFC, CONT_EVENT_HANDLER>> :> [type |-> NULL])
/\ SwStatusOFC = (s0 :> SW_UNDRAINED @@ s1 :> SW_UNDRAINED)
/\ sw_status_ = (<<UPGRADER, CONT_WORKER>> :> SW_UNDRAINED)
/\ op = (<<SW_SIMPLE_ID, s0>> :> [type |-> MSG_SW_STATUS_CHANGE, sw |-> s0, value |-> SW_DRAINED] @@ <<SW_SIMPLE_ID, s1>> :> [type |-> NULL])
/\ opRequest_ = (<<UPGRADER, CONT_WORKER>> :> [type |-> REMOVE_SW, sw |-> s0])
/\ OFC2SW = (s0 :> <<>> @@ s1 :> <<>>)
/\ RE2NIB = <<>>
/\ pc = (<<OFC, CONT_SW_MANAGEMENT>> :> "DrainerProc" @@ <<OFC, CONT_EVENT_HANDLER>> :> "OFCSWEventHandlingProc" @@ <<SW_MANAGE_PROC, s0>> :> "SWManagementProc_" @@ <<SW_MANAGE_PROC, s1>> :> "SWManagementProc_" @@ <<UPGRADER, CONT_WORKER>> :> "UpgraderAwaitSwDrained3" @@ <<UPGRADER, CONT_EVENT_HANDLER>> :> "UpgraderNIBEventHandlerProc" @@ <<EXPANDER, CONT_WORKER>> :> "ExpanderAwaitSwDrained3" @@ <<EXPANDER, CONT_EVENT_HANDLER>> :> "ExpanderNIBEventHandlerProc" @@ <<NIB, CONT_EVENT_HANDLER>> :> "NIBEventHandlerForREProc_" @@ <<RE, CONT_WORKER>> :> "REWorkerProc" @@ <<RE, CONT_EVENT_HANDLER>> :> "RESWEventHandlerProc" @@ <<SW_SIMPLE_ID, s0>> :> "SWManagementProc" @@ <<SW_SIMPLE_ID, s1>> :> "SWManagementProc")
/\ SwStatusRE = (s0 :> SW_DRAINED @@ s1 :> SW_UNDRAINED)
/\ transaction_ = (<<UPGRADER, CONT_WORKER>> :> <<>>)
/\ Upgrader2NIB = <<>>
/\ SW2OFC = <<>>
/\ DrainRequestQueue = <<>>
/\ sw_ = (<<UPGRADER, CONT_WORKER>> :> s0)
/\ ExpanderRequestQueue = <<[type |-> REMOVE_SW, sw |-> s0]>>
/\ opRequest = (<<EXPANDER, CONT_WORKER>> :> [type |-> REMOVE_SW, sw |-> s0])
/\ NIB2Upgrader = <<[type |-> MSG_SW_STATUS_CHANGE, sw |-> s0, value |-> SW_DRAINED]>>
/\ req = (<<OFC, CONT_SW_MANAGEMENT>> :> [type |-> NULL])
/\ NIB2Expander = <<[type |-> MSG_SW_STATUS_CHANGE, sw |-> s0, value |-> SW_DRAINED]>>
/\ OFC2NIB = <<>>
/\ RE2SW = (s0 :> <<[type |-> MSG_SW_STATUS_CHANGE, sw |-> s0, value |-> SW_DRAINED]>> @@ s1 :> <<>>)
/\ sw_e = (<<EXPANDER, CONT_WORKER>> :> s0)
/\ sw = (<<SW_SIMPLE_ID, s0>> :> s0 @@ <<SW_SIMPLE_ID, s1>> :> s1)
/\ sw_status_update_ = (<<UPGRADER, CONT_EVENT_HANDLER>> :> [type |-> NULL])
/\ sw_status = (<<EXPANDER, CONT_WORKER>> :> SW_UNDRAINED)
/\ sw_id = (<<SW_MANAGE_PROC, s0>> :> s0 @@ <<SW_MANAGE_PROC, s1>> :> s1)
/\ SwStatus = (s0 :> SW_DRAINED @@ s1 :> SW_UNDRAINED)
/\ SWManagementQueue = <<>>
/\ Expander2NIB = <<>>
/\ SW2RE = <<>>
/\ op_ = (<<SW_MANAGE_PROC, s0>> :> [type |-> NULL] @@ <<SW_MANAGE_PROC, s1>> :> [type |-> NULL])
/\ SwStatusUpgrader = (s0 :> SW_UNDRAINED @@ s1 :> SW_UNDRAINED)
/\ SwStatusExpander = (s0 :> SW_UNDRAINED @@ s1 :> SW_UNDRAINED)
/\ UpgraderRequestQueue = <<[type |-> REMOVE_SW, sw |-> s0], [type |-> RUN_SW, sw |-> s0]>>
/\ SwStatusNIB = (s0 :> SW_DRAINED @@ s1 :> SW_UNDRAINED)

@!@!@ENDMSG 2217 @!@!@
@!@!@STARTMSG 2217:4 @!@!@
9: <UpgraderNIBEventHandlerProc line 833, col 38 to line 860, col 69 of module drain>
/\ sw_status_update_N = (<<NIB, CONT_EVENT_HANDLER>> :> [type |-> MSG_SW_STATUS_CHANGE, sw |-> s0, value |-> SW_DRAINED])
/\ sw_status_update_R = (<<RE, CONT_EVENT_HANDLER>> :> [type |-> MSG_SW_STATUS_CHANGE, sw |-> s0, value |-> SW_DRAINED])
/\ transaction = (<<EXPANDER, CONT_WORKER>> :> <<>>)
/\ req_ = (<<RE, CONT_WORKER>> :> [type |-> MSG_SW_STATUS_CHANGE, sw |-> s0, value |-> SW_DRAINED])
/\ sw_status_update_e = (<<EXPANDER, CONT_EVENT_HANDLER>> :> [type |-> NULL])
/\ sw_status_update = (<<OFC, CONT_EVENT_HANDLER>> :> [type |-> NULL])
/\ SwStatusOFC = (s0 :> SW_UNDRAINED @@ s1 :> SW_UNDRAINED)
/\ sw_status_ = (<<UPGRADER, CONT_WORKER>> :> SW_UNDRAINED)
/\ op = (<<SW_SIMPLE_ID, s0>> :> [type |-> MSG_SW_STATUS_CHANGE, sw |-> s0, value |-> SW_DRAINED] @@ <<SW_SIMPLE_ID, s1>> :> [type |-> NULL])
/\ opRequest_ = (<<UPGRADER, CONT_WORKER>> :> [type |-> REMOVE_SW, sw |-> s0])
/\ OFC2SW = (s0 :> <<>> @@ s1 :> <<>>)
/\ RE2NIB = <<>>
/\ pc = (<<OFC, CONT_SW_MANAGEMENT>> :> "DrainerProc" @@ <<OFC, CONT_EVENT_HANDLER>> :> "OFCSWEventHandlingProc" @@ <<SW_MANAGE_PROC, s0>> :> "SWManagementProc_" @@ <<SW_MANAGE_PROC, s1>> :> "SWManagementProc_" @@ <<UPGRADER, CONT_WORKER>> :> "UpgraderAwaitSwDrained3" @@ <<UPGRADER, CONT_EVENT_HANDLER>> :> "UpgraderNIBEventHandlerProc" @@ <<EXPANDER, CONT_WORKER>> :> "ExpanderAwaitSwDrained3" @@ <<EXPANDER, CONT_EVENT_HANDLER>> :> "ExpanderNIBEventHandlerProc" @@ <<NIB, CONT_EVENT_HANDLER>> :> "NIBEventHandlerForREProc_" @@ <<RE, CONT_WORKER>> :> "REWorkerProc" @@ <<RE, CONT_EVENT_HANDLER>> :> "RESWEventHandlerProc" @@ <<SW_SIMPLE_ID, s0>> :> "SWManagementProc" @@ <<SW_SIMPLE_ID, s1>> :> "SWManagementProc")
/\ SwStatusRE = (s0 :> SW_DRAINED @@ s1 :> SW_UNDRAINED)
/\ transaction_ = (<<UPGRADER, CONT_WORKER>> :> <<>>)
/\ Upgrader2NIB = <<>>
/\ SW2OFC = <<>>
/\ DrainRequestQueue = <<>>
/\ sw_ = (<<UPGRADER, CONT_WORKER>> :> s0)
/\ ExpanderRequestQueue = <<[type |-> REMOVE_SW, sw |-> s0]>>
/\ opRequest = (<<EXPANDER, CONT_WORKER>> :> [type |-> REMOVE_SW, sw |-> s0])
/\ NIB2Upgrader = <<>>
/\ req = (<<OFC, CONT_SW_MANAGEMENT>> :> [type |-> NULL])
/\ NIB2Expander = <<[type |-> MSG_SW_STATUS_CHANGE, sw |-> s0, value |-> SW_DRAINED]>>
/\ OFC2NIB = <<>>
/\ RE2SW = (s0 :> <<[type |-> MSG_SW_STATUS_CHANGE, sw |-> s0, value |-> SW_DRAINED]>> @@ s1 :> <<>>)
/\ sw_e = (<<EXPANDER, CONT_WORKER>> :> s0)
/\ sw = (<<SW_SIMPLE_ID, s0>> :> s0 @@ <<SW_SIMPLE_ID, s1>> :> s1)
/\ sw_status_update_ = (<<UPGRADER, CONT_EVENT_HANDLER>> :> [type |-> MSG_SW_STATUS_CHANGE, sw |-> s0, value |-> SW_DRAINED])
/\ sw_status = (<<EXPANDER, CONT_WORKER>> :> SW_UNDRAINED)
/\ sw_id = (<<SW_MANAGE_PROC, s0>> :> s0 @@ <<SW_MANAGE_PROC, s1>> :> s1)
/\ SwStatus = (s0 :> SW_DRAINED @@ s1 :> SW_UNDRAINED)
/\ SWManagementQueue = <<>>
/\ Expander2NIB = <<>>
/\ SW2RE = <<>>
/\ op_ = (<<SW_MANAGE_PROC, s0>> :> [type |-> NULL] @@ <<SW_MANAGE_PROC, s1>> :> [type |-> NULL])
/\ SwStatusUpgrader = (s0 :> SW_DRAINED @@ s1 :> SW_UNDRAINED)
/\ SwStatusExpander = (s0 :> SW_UNDRAINED @@ s1 :> SW_UNDRAINED)
/\ UpgraderRequestQueue = <<[type |-> REMOVE_SW, sw |-> s0], [type |-> RUN_SW, sw |-> s0]>>
/\ SwStatusNIB = (s0 :> SW_DRAINED @@ s1 :> SW_UNDRAINED)

@!@!@ENDMSG 2217 @!@!@
@!@!@STARTMSG 2217:4 @!@!@
10: <UpgraderAwaitSwDrained3 line 702, col 34 to line 725, col 58 of module drain>
/\ sw_status_update_N = (<<NIB, CONT_EVENT_HANDLER>> :> [type |-> MSG_SW_STATUS_CHANGE, sw |-> s0, value |-> SW_DRAINED])
/\ sw_status_update_R = (<<RE, CONT_EVENT_HANDLER>> :> [type |-> MSG_SW_STATUS_CHANGE, sw |-> s0, value |-> SW_DRAINED])
/\ transaction = (<<EXPANDER, CONT_WORKER>> :> <<>>)
/\ req_ = (<<RE, CONT_WORKER>> :> [type |-> MSG_SW_STATUS_CHANGE, sw |-> s0, value |-> SW_DRAINED])
/\ sw_status_update_e = (<<EXPANDER, CONT_EVENT_HANDLER>> :> [type |-> NULL])
/\ sw_status_update = (<<OFC, CONT_EVENT_HANDLER>> :> [type |-> NULL])
/\ SwStatusOFC = (s0 :> SW_UNDRAINED @@ s1 :> SW_UNDRAINED)
/\ sw_status_ = (<<UPGRADER, CONT_WORKER>> :> SW_UNDRAINED)
/\ op = (<<SW_SIMPLE_ID, s0>> :> [type |-> MSG_SW_STATUS_CHANGE, sw |-> s0, value |-> SW_DRAINED] @@ <<SW_SIMPLE_ID, s1>> :> [type |-> NULL])
/\ opRequest_ = (<<UPGRADER, CONT_WORKER>> :> [type |-> REMOVE_SW, sw |-> s0])
/\ OFC2SW = (s0 :> <<>> @@ s1 :> <<>>)
/\ RE2NIB = <<>>
/\ pc = (<<OFC, CONT_SW_MANAGEMENT>> :> "DrainerProc" @@ <<OFC, CONT_EVENT_HANDLER>> :> "OFCSWEventHandlingProc" @@ <<SW_MANAGE_PROC, s0>> :> "SWManagementProc_" @@ <<SW_MANAGE_PROC, s1>> :> "SWManagementProc_" @@ <<UPGRADER, CONT_WORKER>> :> "UpgraderAwaitSwDown2" @@ <<UPGRADER, CONT_EVENT_HANDLER>> :> "UpgraderNIBEventHandlerProc" @@ <<EXPANDER, CONT_WORKER>> :> "ExpanderAwaitSwDrained3" @@ <<EXPANDER, CONT_EVENT_HANDLER>> :> "ExpanderNIBEventHandlerProc" @@ <<NIB, CONT_EVENT_HANDLER>> :> "NIBEventHandlerForREProc_" @@ <<RE, CONT_WORKER>> :> "REWorkerProc" @@ <<RE, CONT_EVENT_HANDLER>> :> "RESWEventHandlerProc" @@ <<SW_SIMPLE_ID, s0>> :> "SWManagementProc" @@ <<SW_SIMPLE_ID, s1>> :> "SWManagementProc")
/\ SwStatusRE = (s0 :> SW_DRAINED @@ s1 :> SW_UNDRAINED)
/\ transaction_ = (<<UPGRADER, CONT_WORKER>> :> <<>>)
/\ Upgrader2NIB = <<>>
/\ SW2OFC = <<>>
/\ DrainRequestQueue = <<>>
/\ sw_ = (<<UPGRADER, CONT_WORKER>> :> s0)
/\ ExpanderRequestQueue = <<[type |-> REMOVE_SW, sw |-> s0]>>
/\ opRequest = (<<EXPANDER, CONT_WORKER>> :> [type |-> REMOVE_SW, sw |-> s0])
/\ NIB2Upgrader = <<>>
/\ req = (<<OFC, CONT_SW_MANAGEMENT>> :> [type |-> NULL])
/\ NIB2Expander = <<[type |-> MSG_SW_STATUS_CHANGE, sw |-> s0, value |-> SW_DRAINED]>>
/\ OFC2NIB = <<>>
/\ RE2SW = (s0 :> <<[type |-> MSG_SW_STATUS_CHANGE, sw |-> s0, value |-> SW_DRAINED]>> @@ s1 :> <<>>)
/\ sw_e = (<<EXPANDER, CONT_WORKER>> :> s0)
/\ sw = (<<SW_SIMPLE_ID, s0>> :> s0 @@ <<SW_SIMPLE_ID, s1>> :> s1)
/\ sw_status_update_ = (<<UPGRADER, CONT_EVENT_HANDLER>> :> [type |-> MSG_SW_STATUS_CHANGE, sw |-> s0, value |-> SW_DRAINED])
/\ sw_status = (<<EXPANDER, CONT_WORKER>> :> SW_UNDRAINED)
/\ sw_id = (<<SW_MANAGE_PROC, s0>> :> s0 @@ <<SW_MANAGE_PROC, s1>> :> s1)
/\ SwStatus = (s0 :> SW_DRAINED @@ s1 :> SW_UNDRAINED)
/\ SWManagementQueue = <<[type |-> MSG_SW_STATUS_CHANGE, sw |-> s0, value |-> SW_DOWN]>>
/\ Expander2NIB = <<>>
/\ SW2RE = <<>>
/\ op_ = (<<SW_MANAGE_PROC, s0>> :> [type |-> NULL] @@ <<SW_MANAGE_PROC, s1>> :> [type |-> NULL])
/\ SwStatusUpgrader = (s0 :> SW_DRAINED @@ s1 :> SW_UNDRAINED)
/\ SwStatusExpander = (s0 :> SW_UNDRAINED @@ s1 :> SW_UNDRAINED)
/\ UpgraderRequestQueue = <<[type |-> REMOVE_SW, sw |-> s0], [type |-> RUN_SW, sw |-> s0]>>
/\ SwStatusNIB = (s0 :> SW_DRAINED @@ s1 :> SW_UNDRAINED)

@!@!@ENDMSG 2217 @!@!@
@!@!@STARTMSG 2217:4 @!@!@
11: <DrainerProc line 1262, col 22 to line 1279, col 76 of module drain>
/\ sw_status_update_N = (<<NIB, CONT_EVENT_HANDLER>> :> [type |-> MSG_SW_STATUS_CHANGE, sw |-> s0, value |-> SW_DRAINED])
/\ sw_status_update_R = (<<RE, CONT_EVENT_HANDLER>> :> [type |-> MSG_SW_STATUS_CHANGE, sw |-> s0, value |-> SW_DRAINED])
/\ transaction = (<<EXPANDER, CONT_WORKER>> :> <<>>)
/\ req_ = (<<RE, CONT_WORKER>> :> [type |-> MSG_SW_STATUS_CHANGE, sw |-> s0, value |-> SW_DRAINED])
/\ sw_status_update_e = (<<EXPANDER, CONT_EVENT_HANDLER>> :> [type |-> NULL])
/\ sw_status_update = (<<OFC, CONT_EVENT_HANDLER>> :> [type |-> NULL])
/\ SwStatusOFC = (s0 :> SW_UNDRAINED @@ s1 :> SW_UNDRAINED)
/\ sw_status_ = (<<UPGRADER, CONT_WORKER>> :> SW_UNDRAINED)
/\ op = (<<SW_SIMPLE_ID, s0>> :> [type |-> MSG_SW_STATUS_CHANGE, sw |-> s0, value |-> SW_DRAINED] @@ <<SW_SIMPLE_ID, s1>> :> [type |-> NULL])
/\ opRequest_ = (<<UPGRADER, CONT_WORKER>> :> [type |-> REMOVE_SW, sw |-> s0])
/\ OFC2SW = (s0 :> <<[type |-> MSG_SW_STATUS_CHANGE, sw |-> s0, value |-> SW_DOWN]>> @@ s1 :> <<>>)
/\ RE2NIB = <<>>
/\ pc = (<<OFC, CONT_SW_MANAGEMENT>> :> "DrainerProc" @@ <<OFC, CONT_EVENT_HANDLER>> :> "OFCSWEventHandlingProc" @@ <<SW_MANAGE_PROC, s0>> :> "SWManagementProc_" @@ <<SW_MANAGE_PROC, s1>> :> "SWManagementProc_" @@ <<UPGRADER, CONT_WORKER>> :> "UpgraderAwaitSwDown2" @@ <<UPGRADER, CONT_EVENT_HANDLER>> :> "UpgraderNIBEventHandlerProc" @@ <<EXPANDER, CONT_WORKER>> :> "ExpanderAwaitSwDrained3" @@ <<EXPANDER, CONT_EVENT_HANDLER>> :> "ExpanderNIBEventHandlerProc" @@ <<NIB, CONT_EVENT_HANDLER>> :> "NIBEventHandlerForREProc_" @@ <<RE, CONT_WORKER>> :> "REWorkerProc" @@ <<RE, CONT_EVENT_HANDLER>> :> "RESWEventHandlerProc" @@ <<SW_SIMPLE_ID, s0>> :> "SWManagementProc" @@ <<SW_SIMPLE_ID, s1>> :> "SWManagementProc")
/\ SwStatusRE = (s0 :> SW_DRAINED @@ s1 :> SW_UNDRAINED)
/\ transaction_ = (<<UPGRADER, CONT_WORKER>> :> <<>>)
/\ Upgrader2NIB = <<>>
/\ SW2OFC = <<>>
/\ DrainRequestQueue = <<>>
/\ sw_ = (<<UPGRADER, CONT_WORKER>> :> s0)
/\ ExpanderRequestQueue = <<[type |-> REMOVE_SW, sw |-> s0]>>
/\ opRequest = (<<EXPANDER, CONT_WORKER>> :> [type |-> REMOVE_SW, sw |-> s0])
/\ NIB2Upgrader = <<>>
/\ req = (<<OFC, CONT_SW_MANAGEMENT>> :> [type |-> MSG_SW_STATUS_CHANGE, sw |-> s0, value |-> SW_DOWN])
/\ NIB2Expander = <<[type |-> MSG_SW_STATUS_CHANGE, sw |-> s0, value |-> SW_DRAINED]>>
/\ OFC2NIB = <<>>
/\ RE2SW = (s0 :> <<[type |-> MSG_SW_STATUS_CHANGE, sw |-> s0, value |-> SW_DRAINED]>> @@ s1 :> <<>>)
/\ sw_e = (<<EXPANDER, CONT_WORKER>> :> s0)
/\ sw = (<<SW_SIMPLE_ID, s0>> :> s0 @@ <<SW_SIMPLE_ID, s1>> :> s1)
/\ sw_status_update_ = (<<UPGRADER, CONT_EVENT_HANDLER>> :> [type |-> MSG_SW_STATUS_CHANGE, sw |-> s0, value |-> SW_DRAINED])
/\ sw_status = (<<EXPANDER, CONT_WORKER>> :> SW_UNDRAINED)
/\ sw_id = (<<SW_MANAGE_PROC, s0>> :> s0 @@ <<SW_MANAGE_PROC, s1>> :> s1)
/\ SwStatus = (s0 :> SW_DRAINED @@ s1 :> SW_UNDRAINED)
/\ SWManagementQueue = <<>>
/\ Expander2NIB = <<>>
/\ SW2RE = <<>>
/\ op_ = (<<SW_MANAGE_PROC, s0>> :> [type |-> NULL] @@ <<SW_MANAGE_PROC, s1>> :> [type |-> NULL])
/\ SwStatusUpgrader = (s0 :> SW_DRAINED @@ s1 :> SW_UNDRAINED)
/\ SwStatusExpander = (s0 :> SW_UNDRAINED @@ s1 :> SW_UNDRAINED)
/\ UpgraderRequestQueue = <<[type |-> REMOVE_SW, sw |-> s0], [type |-> RUN_SW, sw |-> s0]>>
/\ SwStatusNIB = (s0 :> SW_DRAINED @@ s1 :> SW_UNDRAINED)

@!@!@ENDMSG 2217 @!@!@
@!@!@STARTMSG 2217:4 @!@!@
12: <SWManagementProc_ line 1313, col 28 to line 1348, col 77 of module drain>
/\ sw_status_update_N = (<<NIB, CONT_EVENT_HANDLER>> :> [type |-> MSG_SW_STATUS_CHANGE, sw |-> s0, value |-> SW_DRAINED])
/\ sw_status_update_R = (<<RE, CONT_EVENT_HANDLER>> :> [type |-> MSG_SW_STATUS_CHANGE, sw |-> s0, value |-> SW_DRAINED])
/\ transaction = (<<EXPANDER, CONT_WORKER>> :> <<>>)
/\ req_ = (<<RE, CONT_WORKER>> :> [type |-> MSG_SW_STATUS_CHANGE, sw |-> s0, value |-> SW_DRAINED])
/\ sw_status_update_e = (<<EXPANDER, CONT_EVENT_HANDLER>> :> [type |-> NULL])
/\ sw_status_update = (<<OFC, CONT_EVENT_HANDLER>> :> [type |-> NULL])
/\ SwStatusOFC = (s0 :> SW_UNDRAINED @@ s1 :> SW_UNDRAINED)
/\ sw_status_ = (<<UPGRADER, CONT_WORKER>> :> SW_UNDRAINED)
/\ op = (<<SW_SIMPLE_ID, s0>> :> [type |-> MSG_SW_STATUS_CHANGE, sw |-> s0, value |-> SW_DRAINED] @@ <<SW_SIMPLE_ID, s1>> :> [type |-> NULL])
/\ opRequest_ = (<<UPGRADER, CONT_WORKER>> :> [type |-> REMOVE_SW, sw |-> s0])
/\ OFC2SW = (s0 :> <<>> @@ s1 :> <<>>)
/\ RE2NIB = <<>>
/\ pc = (<<OFC, CONT_SW_MANAGEMENT>> :> "DrainerProc" @@ <<OFC, CONT_EVENT_HANDLER>> :> "OFCSWEventHandlingProc" @@ <<SW_MANAGE_PROC, s0>> :> "SWManagementProc_" @@ <<SW_MANAGE_PROC, s1>> :> "SWManagementProc_" @@ <<UPGRADER, CONT_WORKER>> :> "UpgraderAwaitSwDown2" @@ <<UPGRADER, CONT_EVENT_HANDLER>> :> "UpgraderNIBEventHandlerProc" @@ <<EXPANDER, CONT_WORKER>> :> "ExpanderAwaitSwDrained3" @@ <<EXPANDER, CONT_EVENT_HANDLER>> :> "ExpanderNIBEventHandlerProc" @@ <<NIB, CONT_EVENT_HANDLER>> :> "NIBEventHandlerForREProc_" @@ <<RE, CONT_WORKER>> :> "REWorkerProc" @@ <<RE, CONT_EVENT_HANDLER>> :> "RESWEventHandlerProc" @@ <<SW_SIMPLE_ID, s0>> :> "SWManagementProc" @@ <<SW_SIMPLE_ID, s1>> :> "SWManagementProc")
/\ SwStatusRE = (s0 :> SW_DRAINED @@ s1 :> SW_UNDRAINED)
/\ transaction_ = (<<UPGRADER, CONT_WORKER>> :> <<>>)
/\ Upgrader2NIB = <<>>
/\ SW2OFC = <<[type |-> MSG_SW_STATUS_CHANGE, sw |-> s0, value |-> SW_DOWN]>>
/\ DrainRequestQueue = <<>>
/\ sw_ = (<<UPGRADER, CONT_WORKER>> :> s0)
/\ ExpanderRequestQueue = <<[type |-> REMOVE_SW, sw |-> s0]>>
/\ opRequest = (<<EXPANDER, CONT_WORKER>> :> [type |-> REMOVE_SW, sw |-> s0])
/\ NIB2Upgrader = <<>>
/\ req = (<<OFC, CONT_SW_MANAGEMENT>> :> [type |-> MSG_SW_STATUS_CHANGE, sw |-> s0, value |-> SW_DOWN])
/\ NIB2Expander = <<[type |-> MSG_SW_STATUS_CHANGE, sw |-> s0, value |-> SW_DRAINED]>>
/\ OFC2NIB = <<>>
/\ RE2SW = (s0 :> <<[type |-> MSG_SW_STATUS_CHANGE, sw |-> s0, value |-> SW_DRAINED]>> @@ s1 :> <<>>)
/\ sw_e = (<<EXPANDER, CONT_WORKER>> :> s0)
/\ sw = (<<SW_SIMPLE_ID, s0>> :> s0 @@ <<SW_SIMPLE_ID, s1>> :> s1)
/\ sw_status_update_ = (<<UPGRADER, CONT_EVENT_HANDLER>> :> [type |-> MSG_SW_STATUS_CHANGE, sw |-> s0, value |-> SW_DRAINED])
/\ sw_status = (<<EXPANDER, CONT_WORKER>> :> SW_UNDRAINED)
/\ sw_id = (<<SW_MANAGE_PROC, s0>> :> s0 @@ <<SW_MANAGE_PROC, s1>> :> s1)
/\ SwStatus = (s0 :> SW_DOWN @@ s1 :> SW_UNDRAINED)
/\ SWManagementQueue = <<>>
/\ Expander2NIB = <<>>
/\ SW2RE = <<>>
/\ op_ = (<<SW_MANAGE_PROC, s0>> :> [type |-> MSG_SW_STATUS_CHANGE, sw |-> s0, value |-> SW_DOWN] @@ <<SW_MANAGE_PROC, s1>> :> [type |-> NULL])
/\ SwStatusUpgrader = (s0 :> SW_DRAINED @@ s1 :> SW_UNDRAINED)
/\ SwStatusExpander = (s0 :> SW_UNDRAINED @@ s1 :> SW_UNDRAINED)
/\ UpgraderRequestQueue = <<[type |-> REMOVE_SW, sw |-> s0], [type |-> RUN_SW, sw |-> s0]>>
/\ SwStatusNIB = (s0 :> SW_DRAINED @@ s1 :> SW_UNDRAINED)

@!@!@ENDMSG 2217 @!@!@
@!@!@STARTMSG 2103:1 @!@!@
The error occurred when TLC was evaluating the nested
expressions at the following positions:
0. Line 1352, column 27 to line 1396, column 77 in drain
1. Line 1352, column 30 to line 1352, column 58 in drain
2. Line 1353, column 30 to line 1353, column 51 in drain
3. Line 1354, column 30 to line 1354, column 78 in drain
4. Line 1355, column 30 to line 1356, column 83 in drain
5. Line 1357, column 30 to line 1358, column 83 in drain
6. Line 1359, column 30 to line 1359, column 88 in drain
7. Line 1360, column 30 to line 1376, column 69 in drain
8. Line 1361, column 38 to line 1366, column 69 in drain
9. Line 1361, column 41 to line 1366, column 69 in drain
10. Line 1362, column 49 to line 1364, column 105 in drain
11. Line 1362, column 52 to line 1363, column 105 in drain


@!@!@ENDMSG 2103 @!@!@
@!@!@STARTMSG 2201:0 @!@!@
The coverage statistics at 2021-07-12 10:01:58
@!@!@ENDMSG 2201 @!@!@
@!@!@STARTMSG 2773:0 @!@!@
<Init line 521, col 1 to line 521, col 4 of module drain>: 2:2
@!@!@ENDMSG 2773 @!@!@
@!@!@STARTMSG 2221:0 @!@!@
  line 522, col 9 to line 583, col 97 of module drain: 2
@!@!@ENDMSG 2221 @!@!@
@!@!@STARTMSG 2772:0 @!@!@
<UpgraderThread line 585, col 1 to line 585, col 20 of module drain>: 2:16
@!@!@ENDMSG 2772 @!@!@
@!@!@STARTMSG 2221:0 @!@!@
  line 585, col 28 to line 585, col 54 of module drain: 132
@!@!@ENDMSG 2221 @!@!@
@!@!@STARTMSG 2221:0 @!@!@
  |line 585, col 28 to line 585, col 35 of module drain: 116
@!@!@ENDMSG 2221 @!@!@
@!@!@STARTMSG 2221:0 @!@!@
  line 586, col 28 to line 586, col 54 of module drain: 32
@!@!@ENDMSG 2221 @!@!@
@!@!@STARTMSG 2221:0 @!@!@
  |line 586, col 28 to line 586, col 47 of module drain: 16
@!@!@ENDMSG 2221 @!@!@
@!@!@STARTMSG 2221:0 @!@!@
  |line 586, col 51 to line 586, col 54 of module drain: 16
@!@!@ENDMSG 2221 @!@!@
@!@!@STARTMSG 2221:0 @!@!@
  line 587, col 28 to line 587, col 97 of module drain: 16
@!@!@ENDMSG 2221 @!@!@
@!@!@STARTMSG 2221:0 @!@!@
  line 588, col 28 to line 588, col 77 of module drain: 16
@!@!@ENDMSG 2221 @!@!@
@!@!@STARTMSG 2221:0 @!@!@
  line 589, col 28 to line 590, col 79 of module drain: 16
@!@!@ENDMSG 2221 @!@!@
@!@!@STARTMSG 2221:0 @!@!@
  line 591, col 31 to line 591, col 64 of module drain: 16
@!@!@ENDMSG 2221 @!@!@
@!@!@STARTMSG 2221:0 @!@!@
  line 592, col 39 to line 592, col 110 of module drain: 16
@!@!@ENDMSG 2221 @!@!@
@!@!@STARTMSG 2221:0 @!@!@
  line 593, col 42 to line 593, col 71 of module drain: 16
@!@!@ENDMSG 2221 @!@!@
@!@!@STARTMSG 2221:0 @!@!@
  line 594, col 50 to line 596, col 115 of module drain: 5
@!@!@ENDMSG 2221 @!@!@
@!@!@STARTMSG 2221:0 @!@!@
  line 597, col 50 to line 597, col 98 of module drain: 5
@!@!@ENDMSG 2221 @!@!@
@!@!@STARTMSG 2221:0 @!@!@
  line 598, col 50 to line 598, col 76 of module drain: 5
@!@!@ENDMSG 2221 @!@!@
@!@!@STARTMSG 2221:0 @!@!@
  line 599, col 53 to line 599, col 79 of module drain: 11
@!@!@ENDMSG 2221 @!@!@
@!@!@STARTMSG 2221:0 @!@!@
  line 601, col 61 to line 601, col 115 of module drain: 0
@!@!@ENDMSG 2221 @!@!@
@!@!@STARTMSG 2221:0 @!@!@
  line 602, col 61 to line 602, col 87 of module drain: 0
@!@!@ENDMSG 2221 @!@!@
@!@!@STARTMSG 2221:0 @!@!@
  line 603, col 64 to line 603, col 95 of module drain: 11
@!@!@ENDMSG 2221 @!@!@
@!@!@STARTMSG 2221:0 @!@!@
  line 604, col 69 to line 607, col 124 of module drain: 11
@!@!@ENDMSG 2221 @!@!@
@!@!@STARTMSG 2221:0 @!@!@
  line 610, col 72 to line 610, col 126 of module drain: 0
@!@!@ENDMSG 2221 @!@!@
@!@!@STARTMSG 2221:0 @!@!@
  line 611, col 72 to line 611, col 98 of module drain: 0
@!@!@ENDMSG 2221 @!@!@
@!@!@STARTMSG 2221:0 @!@!@
  line 612, col 50 to line 612, col 76 of module drain: 11
@!@!@ENDMSG 2221 @!@!@
@!@!@STARTMSG 2221:0 @!@!@
  line 614, col 50 to line 614, col 121 of module drain: 0
@!@!@ENDMSG 2221 @!@!@
@!@!@STARTMSG 2221:0 @!@!@
  line 616, col 61 to line 618, col 133 of module drain: 0
@!@!@ENDMSG 2221 @!@!@
@!@!@STARTMSG 2221:0 @!@!@
  line 619, col 61 to line 619, col 114 of module drain: 0
@!@!@ENDMSG 2221 @!@!@
@!@!@STARTMSG 2221:0 @!@!@
  line 621, col 72 to line 623, col 142 of module drain: 0
@!@!@ENDMSG 2221 @!@!@
@!@!@STARTMSG 2221:0 @!@!@
  line 624, col 72 to line 624, col 118 of module drain: 0
@!@!@ENDMSG 2221 @!@!@
@!@!@STARTMSG 2221:0 @!@!@
  line 629, col 72 to line 629, col 126 of module drain: 0
@!@!@ENDMSG 2221 @!@!@
@!@!@STARTMSG 2221:0 @!@!@
  line 630, col 72 to line 630, col 98 of module drain: 0
@!@!@ENDMSG 2221 @!@!@
@!@!@STARTMSG 2221:0 @!@!@
  line 633, col 50 to line 633, col 104 of module drain: 0
@!@!@ENDMSG 2221 @!@!@
@!@!@STARTMSG 2221:0 @!@!@
  line 634, col 50 to line 635, col 75 of module drain: 0
@!@!@ENDMSG 2221 @!@!@
@!@!@STARTMSG 2221:0 @!@!@
  line 636, col 39 to line 636, col 65 of module drain: 0
@!@!@ENDMSG 2221 @!@!@
@!@!@STARTMSG 2221:0 @!@!@
  line 637, col 28 to line 649, col 79 of module drain: 16
@!@!@ENDMSG 2221 @!@!@
@!@!@STARTMSG 2772:0 @!@!@
<DequeueManagementRequest_ line 651, col 1 to line 651, col 31 of module drain>: 0:0
@!@!@ENDMSG 2772 @!@!@
@!@!@STARTMSG 2221:0 @!@!@
  line 651, col 39 to line 651, col 76 of module drain: 115
@!@!@ENDMSG 2221 @!@!@
@!@!@STARTMSG 2221:0 @!@!@
  line 654, col 39 to line 654, col 88 of module drain: 0
@!@!@ENDMSG 2221 @!@!@
@!@!@STARTMSG 2221:0 @!@!@
  line 655, col 39 to line 655, col 82 of module drain: 0
@!@!@ENDMSG 2221 @!@!@
@!@!@STARTMSG 2221:0 @!@!@
  line 656, col 39 to line 677, col 67 of module drain: 0
@!@!@ENDMSG 2221 @!@!@
@!@!@STARTMSG 2772:0 @!@!@
<UpgraderAwaitSwDown line 679, col 1 to line 679, col 25 of module drain>: 0:0
@!@!@ENDMSG 2772 @!@!@
@!@!@STARTMSG 2221:0 @!@!@
  line 679, col 33 to line 679, col 64 of module drain: 115
@!@!@ENDMSG 2221 @!@!@
@!@!@STARTMSG 2221:0 @!@!@
  line 680, col 33 to line 680, col 69 of module drain: 9
@!@!@ENDMSG 2221 @!@!@
@!@!@STARTMSG 2221:0 @!@!@
  line 681, col 33 to line 681, col 87 of module drain: 0
@!@!@ENDMSG 2221 @!@!@
@!@!@STARTMSG 2221:0 @!@!@
  line 682, col 33 to line 700, col 50 of module drain: 0
@!@!@ENDMSG 2221 @!@!@
@!@!@STARTMSG 2772:0 @!@!@
<UpgraderAwaitSwDrained3 line 702, col 1 to line 702, col 29 of module drain>: 2:20
@!@!@ENDMSG 2772 @!@!@
@!@!@STARTMSG 2221:0 @!@!@
  line 702, col 37 to line 702, col 72 of module drain: 135
@!@!@ENDMSG 2221 @!@!@
@!@!@STARTMSG 2221:0 @!@!@
  |line 702, col 37 to line 702, col 44 of module drain: 115
@!@!@ENDMSG 2221 @!@!@
@!@!@STARTMSG 2221:0 @!@!@
  line 703, col 37 to line 703, col 76 of module drain: 83
@!@!@ENDMSG 2221 @!@!@
@!@!@STARTMSG 2221:0 @!@!@
  |line 703, col 37 to line 703, col 63 of module drain: 63
@!@!@ENDMSG 2221 @!@!@
@!@!@STARTMSG 2221:0 @!@!@
  |line 703, col 67 to line 703, col 76 of module drain: 63
@!@!@ENDMSG 2221 @!@!@
@!@!@STARTMSG 2221:0 @!@!@
  line 704, col 37 to line 706, col 100 of module drain: 20
@!@!@ENDMSG 2221 @!@!@
@!@!@STARTMSG 2221:0 @!@!@
  line 707, col 37 to line 707, col 86 of module drain: 20
@!@!@ENDMSG 2221 @!@!@
@!@!@STARTMSG 2221:0 @!@!@
  line 708, col 37 to line 725, col 58 of module drain: 20
@!@!@ENDMSG 2221 @!@!@
@!@!@STARTMSG 2772:0 @!@!@
<UpgraderAwaitSwDown2 line 727, col 1 to line 727, col 26 of module drain>: 0:0
@!@!@ENDMSG 2772 @!@!@
@!@!@STARTMSG 2221:0 @!@!@
  line 727, col 34 to line 727, col 66 of module drain: 114
@!@!@ENDMSG 2221 @!@!@
@!@!@STARTMSG 2221:0 @!@!@
  line 728, col 34 to line 728, col 70 of module drain: 28
@!@!@ENDMSG 2221 @!@!@
@!@!@STARTMSG 2221:0 @!@!@
  line 729, col 34 to line 729, col 88 of module drain: 0
@!@!@ENDMSG 2221 @!@!@
@!@!@STARTMSG 2221:0 @!@!@
  line 730, col 34 to line 748, col 51 of module drain: 0
@!@!@ENDMSG 2221 @!@!@
@!@!@STARTMSG 2772:0 @!@!@
<UpgraderWaitSWUndrained1 line 750, col 1 to line 750, col 30 of module drain>: 0:0
@!@!@ENDMSG 2772 @!@!@
@!@!@STARTMSG 2221:0 @!@!@
  line 750, col 38 to line 750, col 74 of module drain: 114
@!@!@ENDMSG 2221 @!@!@
@!@!@STARTMSG 2221:0 @!@!@
  line 752, col 38 to line 752, col 92 of module drain: 0
@!@!@ENDMSG 2221 @!@!@
@!@!@STARTMSG 2221:0 @!@!@
  line 753, col 38 to line 773, col 59 of module drain: 0
@!@!@ENDMSG 2221 @!@!@
@!@!@STARTMSG 2772:0 @!@!@
<UpgraderUndrainSW line 775, col 1 to line 775, col 23 of module drain>: 0:0
@!@!@ENDMSG 2772 @!@!@
@!@!@STARTMSG 2221:0 @!@!@
  line 775, col 31 to line 775, col 60 of module drain: 114
@!@!@ENDMSG 2221 @!@!@
@!@!@STARTMSG 2221:0 @!@!@
  line 777, col 31 to line 779, col 99 of module drain: 0
@!@!@ENDMSG 2221 @!@!@
@!@!@STARTMSG 2221:0 @!@!@
  line 780, col 31 to line 780, col 84 of module drain: 0
@!@!@ENDMSG 2221 @!@!@
@!@!@STARTMSG 2221:0 @!@!@
  line 781, col 31 to line 797, col 48 of module drain: 0
@!@!@ENDMSG 2221 @!@!@
@!@!@STARTMSG 2772:0 @!@!@
<UpgraderWaitSWUndrained2 line 799, col 1 to line 799, col 30 of module drain>: 0:0
@!@!@ENDMSG 2772 @!@!@
@!@!@STARTMSG 2221:0 @!@!@
  line 799, col 38 to line 799, col 74 of module drain: 114
@!@!@ENDMSG 2221 @!@!@
@!@!@STARTMSG 2221:0 @!@!@
  line 801, col 38 to line 801, col 92 of module drain: 0
@!@!@ENDMSG 2221 @!@!@
@!@!@STARTMSG 2221:0 @!@!@
  line 802, col 38 to line 822, col 59 of module drain: 0
@!@!@ENDMSG 2221 @!@!@
@!@!@STARTMSG 2772:0 @!@!@
<UpgraderNIBEventHandlerProc line 833, col 1 to line 833, col 33 of module drain>: 4:29
@!@!@ENDMSG 2772 @!@!@
@!@!@STARTMSG 2221:0 @!@!@
  line 833, col 41 to line 833, col 80 of module drain: 143
@!@!@ENDMSG 2221 @!@!@
@!@!@STARTMSG 2221:0 @!@!@
  |line 833, col 41 to line 833, col 48 of module drain: 114
@!@!@ENDMSG 2221 @!@!@
@!@!@STARTMSG 2221:0 @!@!@
  line 834, col 41 to line 834, col 59 of module drain: 143
@!@!@ENDMSG 2221 @!@!@
@!@!@STARTMSG 2221:0 @!@!@
  |line 834, col 41 to line 834, col 52 of module drain: 114
@!@!@ENDMSG 2221 @!@!@
@!@!@STARTMSG 2221:0 @!@!@
  |line 834, col 56 to line 834, col 59 of module drain: 114
@!@!@ENDMSG 2221 @!@!@
@!@!@STARTMSG 2221:0 @!@!@
  line 835, col 41 to line 835, col 116 of module drain: 29
@!@!@ENDMSG 2221 @!@!@
@!@!@STARTMSG 2221:0 @!@!@
  line 836, col 41 to line 836, col 74 of module drain: 29
@!@!@ENDMSG 2221 @!@!@
@!@!@STARTMSG 2221:0 @!@!@
  line 837, col 41 to line 837, col 149 of module drain: 29
@!@!@ENDMSG 2221 @!@!@
@!@!@STARTMSG 2221:0 @!@!@
  line 838, col 41 to line 838, col 97 of module drain: 29
@!@!@ENDMSG 2221 @!@!@
@!@!@STARTMSG 2221:0 @!@!@
  line 839, col 41 to line 860, col 69 of module drain: 29
@!@!@ENDMSG 2221 @!@!@
@!@!@STARTMSG 2772:0 @!@!@
<ExpanderThread line 864, col 1 to line 864, col 20 of module drain>: 8:17
@!@!@ENDMSG 2772 @!@!@
@!@!@STARTMSG 2221:0 @!@!@
  line 864, col 28 to line 864, col 54 of module drain: 130
@!@!@ENDMSG 2221 @!@!@
@!@!@STARTMSG 2221:0 @!@!@
  |line 864, col 28 to line 864, col 35 of module drain: 113
@!@!@ENDMSG 2221 @!@!@
@!@!@STARTMSG 2221:0 @!@!@
  line 865, col 28 to line 865, col 54 of module drain: 34
@!@!@ENDMSG 2221 @!@!@
@!@!@STARTMSG 2221:0 @!@!@
  |line 865, col 28 to line 865, col 47 of module drain: 17
@!@!@ENDMSG 2221 @!@!@
@!@!@STARTMSG 2221:0 @!@!@
  |line 865, col 51 to line 865, col 54 of module drain: 17
@!@!@ENDMSG 2221 @!@!@
@!@!@STARTMSG 2221:0 @!@!@
  line 866, col 28 to line 866, col 95 of module drain: 17
@!@!@ENDMSG 2221 @!@!@
@!@!@STARTMSG 2221:0 @!@!@
  line 867, col 28 to line 867, col 78 of module drain: 17
@!@!@ENDMSG 2221 @!@!@
@!@!@STARTMSG 2221:0 @!@!@
  line 868, col 28 to line 869, col 80 of module drain: 17
@!@!@ENDMSG 2221 @!@!@
@!@!@STARTMSG 2221:0 @!@!@
  line 870, col 31 to line 870, col 63 of module drain: 17
@!@!@ENDMSG 2221 @!@!@
@!@!@STARTMSG 2221:0 @!@!@
  line 871, col 39 to line 871, col 109 of module drain: 17
@!@!@ENDMSG 2221 @!@!@
@!@!@STARTMSG 2221:0 @!@!@
  line 872, col 42 to line 872, col 70 of module drain: 17
@!@!@ENDMSG 2221 @!@!@
@!@!@STARTMSG 2221:0 @!@!@
  line 873, col 50 to line 875, col 115 of module drain: 5
@!@!@ENDMSG 2221 @!@!@
@!@!@STARTMSG 2221:0 @!@!@
  line 876, col 50 to line 876, col 98 of module drain: 5
@!@!@ENDMSG 2221 @!@!@
@!@!@STARTMSG 2221:0 @!@!@
  line 877, col 50 to line 877, col 76 of module drain: 5
@!@!@ENDMSG 2221 @!@!@
@!@!@STARTMSG 2221:0 @!@!@
  line 878, col 53 to line 878, col 78 of module drain: 12
@!@!@ENDMSG 2221 @!@!@
@!@!@STARTMSG 2221:0 @!@!@
  line 880, col 61 to line 880, col 114 of module drain: 0
@!@!@ENDMSG 2221 @!@!@
@!@!@STARTMSG 2221:0 @!@!@
  line 881, col 61 to line 881, col 87 of module drain: 0
@!@!@ENDMSG 2221 @!@!@
@!@!@STARTMSG 2221:0 @!@!@
  line 882, col 64 to line 882, col 94 of module drain: 12
@!@!@ENDMSG 2221 @!@!@
@!@!@STARTMSG 2221:0 @!@!@
  line 883, col 69 to line 886, col 124 of module drain: 12
@!@!@ENDMSG 2221 @!@!@
@!@!@STARTMSG 2221:0 @!@!@
  line 889, col 72 to line 889, col 125 of module drain: 0
@!@!@ENDMSG 2221 @!@!@
@!@!@STARTMSG 2221:0 @!@!@
  line 890, col 72 to line 890, col 98 of module drain: 0
@!@!@ENDMSG 2221 @!@!@
@!@!@STARTMSG 2221:0 @!@!@
  line 891, col 50 to line 891, col 76 of module drain: 12
@!@!@ENDMSG 2221 @!@!@
@!@!@STARTMSG 2221:0 @!@!@
  line 893, col 50 to line 893, col 120 of module drain: 0
@!@!@ENDMSG 2221 @!@!@
@!@!@STARTMSG 2221:0 @!@!@
  line 895, col 61 to line 897, col 133 of module drain: 0
@!@!@ENDMSG 2221 @!@!@
@!@!@STARTMSG 2221:0 @!@!@
  line 898, col 61 to line 898, col 114 of module drain: 0
@!@!@ENDMSG 2221 @!@!@
@!@!@STARTMSG 2221:0 @!@!@
  line 900, col 72 to line 902, col 142 of module drain: 0
@!@!@ENDMSG 2221 @!@!@
@!@!@STARTMSG 2221:0 @!@!@
  line 903, col 72 to line 903, col 118 of module drain: 0
@!@!@ENDMSG 2221 @!@!@
@!@!@STARTMSG 2221:0 @!@!@
  line 908, col 72 to line 908, col 125 of module drain: 0
@!@!@ENDMSG 2221 @!@!@
@!@!@STARTMSG 2221:0 @!@!@
  line 909, col 72 to line 909, col 98 of module drain: 0
@!@!@ENDMSG 2221 @!@!@
@!@!@STARTMSG 2221:0 @!@!@
  line 912, col 50 to line 912, col 103 of module drain: 0
@!@!@ENDMSG 2221 @!@!@
@!@!@STARTMSG 2221:0 @!@!@
  line 913, col 50 to line 914, col 74 of module drain: 0
@!@!@ENDMSG 2221 @!@!@
@!@!@STARTMSG 2221:0 @!@!@
  line 915, col 39 to line 915, col 65 of module drain: 0
@!@!@ENDMSG 2221 @!@!@
@!@!@STARTMSG 2221:0 @!@!@
  line 916, col 28 to line 928, col 79 of module drain: 17
@!@!@ENDMSG 2221 @!@!@
@!@!@STARTMSG 2772:0 @!@!@
<DequeueManagementRequest line 930, col 1 to line 930, col 30 of module drain>: 0:0
@!@!@ENDMSG 2772 @!@!@
@!@!@STARTMSG 2221:0 @!@!@
  line 930, col 38 to line 930, col 74 of module drain: 112
@!@!@ENDMSG 2221 @!@!@
@!@!@STARTMSG 2221:0 @!@!@
  line 931, col 38 to line 931, col 87 of module drain: 0
@!@!@ENDMSG 2221 @!@!@
@!@!@STARTMSG 2221:0 @!@!@
  line 932, col 38 to line 932, col 81 of module drain: 0
@!@!@ENDMSG 2221 @!@!@
@!@!@STARTMSG 2221:0 @!@!@
  line 933, col 38 to line 952, col 59 of module drain: 0
@!@!@ENDMSG 2221 @!@!@
@!@!@STARTMSG 2772:0 @!@!@
<ExpanderAwaitSwDown line 954, col 1 to line 954, col 25 of module drain>: 0:0
@!@!@ENDMSG 2772 @!@!@
@!@!@STARTMSG 2221:0 @!@!@
  line 954, col 33 to line 954, col 64 of module drain: 112
@!@!@ENDMSG 2221 @!@!@
@!@!@STARTMSG 2221:0 @!@!@
  line 955, col 33 to line 955, col 70 of module drain: 9
@!@!@ENDMSG 2221 @!@!@
@!@!@STARTMSG 2221:0 @!@!@
  line 956, col 33 to line 956, col 86 of module drain: 0
@!@!@ENDMSG 2221 @!@!@
@!@!@STARTMSG 2221:0 @!@!@
  line 957, col 33 to line 975, col 50 of module drain: 0
@!@!@ENDMSG 2221 @!@!@
@!@!@STARTMSG 2772:0 @!@!@
<ExpanderAwaitSwDrained3 line 977, col 1 to line 977, col 29 of module drain>: 10:18
@!@!@ENDMSG 2772 @!@!@
@!@!@STARTMSG 2221:0 @!@!@
  line 977, col 37 to line 977, col 72 of module drain: 130
@!@!@ENDMSG 2221 @!@!@
@!@!@STARTMSG 2221:0 @!@!@
  |line 977, col 37 to line 977, col 44 of module drain: 112
@!@!@ENDMSG 2221 @!@!@
@!@!@STARTMSG 2221:0 @!@!@
  line 978, col 37 to line 978, col 77 of module drain: 83
@!@!@ENDMSG 2221 @!@!@
@!@!@STARTMSG 2221:0 @!@!@
  |line 978, col 37 to line 978, col 64 of module drain: 65
@!@!@ENDMSG 2221 @!@!@
@!@!@STARTMSG 2221:0 @!@!@
  |line 978, col 68 to line 978, col 77 of module drain: 65
@!@!@ENDMSG 2221 @!@!@
@!@!@STARTMSG 2221:0 @!@!@
  line 979, col 37 to line 981, col 100 of module drain: 18
@!@!@ENDMSG 2221 @!@!@
@!@!@STARTMSG 2221:0 @!@!@
  line 982, col 37 to line 982, col 86 of module drain: 18
@!@!@ENDMSG 2221 @!@!@
@!@!@STARTMSG 2221:0 @!@!@
  line 983, col 37 to line 1000, col 58 of module drain: 18
@!@!@ENDMSG 2221 @!@!@
@!@!@STARTMSG 2772:0 @!@!@
<ExpanderAwaitSwDown2 line 1002, col 1 to line 1002, col 26 of module drain>: 0:0
@!@!@ENDMSG 2772 @!@!@
@!@!@STARTMSG 2221:0 @!@!@
  line 1002, col 34 to line 1002, col 66 of module drain: 112
@!@!@ENDMSG 2221 @!@!@
@!@!@STARTMSG 2221:0 @!@!@
  line 1003, col 34 to line 1003, col 71 of module drain: 22
@!@!@ENDMSG 2221 @!@!@
@!@!@STARTMSG 2221:0 @!@!@
  line 1004, col 34 to line 1004, col 87 of module drain: 0
@!@!@ENDMSG 2221 @!@!@
@!@!@STARTMSG 2221:0 @!@!@
  line 1005, col 34 to line 1023, col 51 of module drain: 0
@!@!@ENDMSG 2221 @!@!@
@!@!@STARTMSG 2772:0 @!@!@
<ExpanderWaitSWUndrained1 line 1025, col 1 to line 1025, col 30 of module drain>: 0:0
@!@!@ENDMSG 2772 @!@!@
@!@!@STARTMSG 2221:0 @!@!@
  line 1025, col 38 to line 1025, col 74 of module drain: 112
@!@!@ENDMSG 2221 @!@!@
@!@!@STARTMSG 2221:0 @!@!@
  line 1027, col 38 to line 1027, col 91 of module drain: 0
@!@!@ENDMSG 2221 @!@!@
@!@!@STARTMSG 2221:0 @!@!@
  line 1028, col 38 to line 1048, col 59 of module drain: 0
@!@!@ENDMSG 2221 @!@!@
@!@!@STARTMSG 2772:0 @!@!@
<ExpanderUndrainSW line 1050, col 1 to line 1050, col 23 of module drain>: 0:0
@!@!@ENDMSG 2772 @!@!@
@!@!@STARTMSG 2221:0 @!@!@
  line 1050, col 31 to line 1050, col 60 of module drain: 112
@!@!@ENDMSG 2221 @!@!@
@!@!@STARTMSG 2221:0 @!@!@
  line 1052, col 31 to line 1054, col 99 of module drain: 0
@!@!@ENDMSG 2221 @!@!@
@!@!@STARTMSG 2221:0 @!@!@
  line 1055, col 31 to line 1055, col 84 of module drain: 0
@!@!@ENDMSG 2221 @!@!@
@!@!@STARTMSG 2221:0 @!@!@
  line 1056, col 31 to line 1072, col 48 of module drain: 0
@!@!@ENDMSG 2221 @!@!@
@!@!@STARTMSG 2772:0 @!@!@
<ExpanderWaitSWUndrained2 line 1074, col 1 to line 1074, col 30 of module drain>: 0:0
@!@!@ENDMSG 2772 @!@!@
@!@!@STARTMSG 2221:0 @!@!@
  line 1074, col 38 to line 1074, col 74 of module drain: 112
@!@!@ENDMSG 2221 @!@!@
@!@!@STARTMSG 2221:0 @!@!@
  line 1076, col 38 to line 1076, col 91 of module drain: 0
@!@!@ENDMSG 2221 @!@!@
@!@!@STARTMSG 2221:0 @!@!@
  line 1077, col 38 to line 1097, col 59 of module drain: 0
@!@!@ENDMSG 2221 @!@!@
@!@!@STARTMSG 2772:0 @!@!@
<ExpanderNIBEventHandlerProc line 1108, col 1 to line 1108, col 33 of module drain>: 13:34
@!@!@ENDMSG 2772 @!@!@
@!@!@STARTMSG 2221:0 @!@!@
  line 1108, col 41 to line 1108, col 80 of module drain: 146
@!@!@ENDMSG 2221 @!@!@
@!@!@STARTMSG 2221:0 @!@!@
  |line 1108, col 41 to line 1108, col 48 of module drain: 112
@!@!@ENDMSG 2221 @!@!@
@!@!@STARTMSG 2221:0 @!@!@
  line 1109, col 41 to line 1109, col 59 of module drain: 146
@!@!@ENDMSG 2221 @!@!@
@!@!@STARTMSG 2221:0 @!@!@
  |line 1109, col 41 to line 1109, col 52 of module drain: 112
@!@!@ENDMSG 2221 @!@!@
@!@!@STARTMSG 2221:0 @!@!@
  |line 1109, col 56 to line 1109, col 59 of module drain: 112
@!@!@ENDMSG 2221 @!@!@
@!@!@STARTMSG 2221:0 @!@!@
  line 1110, col 41 to line 1110, col 118 of module drain: 34
@!@!@ENDMSG 2221 @!@!@
@!@!@STARTMSG 2221:0 @!@!@
  line 1111, col 41 to line 1111, col 74 of module drain: 34
@!@!@ENDMSG 2221 @!@!@
@!@!@STARTMSG 2221:0 @!@!@
  line 1112, col 41 to line 1112, col 151 of module drain: 34
@!@!@ENDMSG 2221 @!@!@
@!@!@STARTMSG 2221:0 @!@!@
  line 1113, col 41 to line 1113, col 97 of module drain: 34
@!@!@ENDMSG 2221 @!@!@
@!@!@STARTMSG 2221:0 @!@!@
  line 1114, col 41 to line 1135, col 69 of module drain: 34
@!@!@ENDMSG 2221 @!@!@
@!@!@STARTMSG 2772:0 @!@!@
<NIBEventHandlerForREProc_ line 1139, col 1 to line 1139, col 31 of module drain>: 9:12
@!@!@ENDMSG 2772 @!@!@
@!@!@STARTMSG 2221:0 @!@!@
  line 1139, col 39 to line 1139, col 76 of module drain: 124
@!@!@ENDMSG 2221 @!@!@
@!@!@STARTMSG 2221:0 @!@!@
  |line 1139, col 39 to line 1139, col 46 of module drain: 112
@!@!@ENDMSG 2221 @!@!@
@!@!@STARTMSG 2221:0 @!@!@
  line 1140, col 39 to line 1140, col 51 of module drain: 124
@!@!@ENDMSG 2221 @!@!@
@!@!@STARTMSG 2221:0 @!@!@
  |line 1140, col 39 to line 1140, col 44 of module drain: 112
@!@!@ENDMSG 2221 @!@!@
@!@!@STARTMSG 2221:0 @!@!@
  |line 1140, col 48 to line 1140, col 51 of module drain: 112
@!@!@ENDMSG 2221 @!@!@
@!@!@STARTMSG 2221:0 @!@!@
  line 1141, col 39 to line 1141, col 110 of module drain: 12
@!@!@ENDMSG 2221 @!@!@
@!@!@STARTMSG 2221:0 @!@!@
  line 1142, col 39 to line 1142, col 60 of module drain: 12
@!@!@ENDMSG 2221 @!@!@
@!@!@STARTMSG 2221:0 @!@!@
  line 1143, col 39 to line 1143, col 139 of module drain: 12
@!@!@ENDMSG 2221 @!@!@
@!@!@STARTMSG 2221:0 @!@!@
  line 1144, col 39 to line 1147, col 56 of module drain: 12
@!@!@ENDMSG 2221 @!@!@
@!@!@STARTMSG 2221:0 @!@!@
  line 1148, col 39 to line 1151, col 56 of module drain: 12
@!@!@ENDMSG 2221 @!@!@
@!@!@STARTMSG 2221:0 @!@!@
  line 1152, col 39 to line 1152, col 93 of module drain: 12
@!@!@ENDMSG 2221 @!@!@
@!@!@STARTMSG 2221:0 @!@!@
  line 1153, col 39 to line 1171, col 67 of module drain: 12
@!@!@ENDMSG 2221 @!@!@
@!@!@STARTMSG 2772:0 @!@!@
<NIBEventHandlerForREProc line 1175, col 1 to line 1175, col 30 of module drain>: 0:0
@!@!@ENDMSG 2772 @!@!@
@!@!@STARTMSG 2221:0 @!@!@
  line 1175, col 38 to line 1175, col 74 of module drain: 111
@!@!@ENDMSG 2221 @!@!@
@!@!@STARTMSG 2221:0 @!@!@
  line 1177, col 38 to line 1177, col 106 of module drain: 0
@!@!@ENDMSG 2221 @!@!@
@!@!@STARTMSG 2221:0 @!@!@
  line 1178, col 38 to line 1178, col 61 of module drain: 0
@!@!@ENDMSG 2221 @!@!@
@!@!@STARTMSG 2221:0 @!@!@
  line 1179, col 38 to line 1179, col 134 of module drain: 0
@!@!@ENDMSG 2221 @!@!@
@!@!@STARTMSG 2221:0 @!@!@
  line 1180, col 38 to line 1183, col 55 of module drain: 0
@!@!@ENDMSG 2221 @!@!@
@!@!@STARTMSG 2221:0 @!@!@
  line 1184, col 38 to line 1187, col 55 of module drain: 0
@!@!@ENDMSG 2221 @!@!@
@!@!@STARTMSG 2221:0 @!@!@
  line 1188, col 38 to line 1188, col 91 of module drain: 0
@!@!@ENDMSG 2221 @!@!@
@!@!@STARTMSG 2221:0 @!@!@
  line 1189, col 38 to line 1206, col 66 of module drain: 0
@!@!@ENDMSG 2221 @!@!@
@!@!@STARTMSG 2772:0 @!@!@
<REWorkerProc line 1210, col 1 to line 1210, col 18 of module drain>: 4:23
@!@!@ENDMSG 2772 @!@!@
@!@!@STARTMSG 2221:0 @!@!@
  line 1210, col 26 to line 1210, col 50 of module drain: 134
@!@!@ENDMSG 2221 @!@!@
@!@!@STARTMSG 2221:0 @!@!@
  |line 1210, col 26 to line 1210, col 33 of module drain: 111
@!@!@ENDMSG 2221 @!@!@
@!@!@STARTMSG 2221:0 @!@!@
  line 1211, col 26 to line 1211, col 49 of module drain: 134
@!@!@ENDMSG 2221 @!@!@
@!@!@STARTMSG 2221:0 @!@!@
  |line 1211, col 26 to line 1211, col 42 of module drain: 111
@!@!@ENDMSG 2221 @!@!@
@!@!@STARTMSG 2221:0 @!@!@
  |line 1211, col 46 to line 1211, col 49 of module drain: 111
@!@!@ENDMSG 2221 @!@!@
@!@!@STARTMSG 2221:0 @!@!@
  line 1212, col 26 to line 1212, col 80 of module drain: 23
@!@!@ENDMSG 2221 @!@!@
@!@!@STARTMSG 2221:0 @!@!@
  line 1213, col 26 to line 1213, col 69 of module drain: 23
@!@!@ENDMSG 2221 @!@!@
@!@!@STARTMSG 2221:0 @!@!@
  line 1214, col 26 to line 1214, col 111 of module drain: 23
@!@!@ENDMSG 2221 @!@!@
@!@!@STARTMSG 2221:0 @!@!@
  line 1215, col 26 to line 1215, col 67 of module drain: 23
@!@!@ENDMSG 2221 @!@!@
@!@!@STARTMSG 2221:0 @!@!@
  line 1216, col 26 to line 1229, col 77 of module drain: 23
@!@!@ENDMSG 2221 @!@!@
@!@!@STARTMSG 2772:0 @!@!@
<RESWEventHandlerProc line 1233, col 1 to line 1233, col 26 of module drain>: 13:16
@!@!@ENDMSG 2772 @!@!@
@!@!@STARTMSG 2221:0 @!@!@
  line 1233, col 34 to line 1233, col 66 of module drain: 125
@!@!@ENDMSG 2221 @!@!@
@!@!@STARTMSG 2221:0 @!@!@
  |line 1233, col 34 to line 1233, col 41 of module drain: 109
@!@!@ENDMSG 2221 @!@!@
@!@!@STARTMSG 2221:0 @!@!@
  line 1234, col 34 to line 1234, col 45 of module drain: 125
@!@!@ENDMSG 2221 @!@!@
@!@!@STARTMSG 2221:0 @!@!@
  |line 1234, col 34 to line 1234, col 38 of module drain: 109
@!@!@ENDMSG 2221 @!@!@
@!@!@STARTMSG 2221:0 @!@!@
  |line 1234, col 42 to line 1234, col 45 of module drain: 109
@!@!@ENDMSG 2221 @!@!@
@!@!@STARTMSG 2221:0 @!@!@
  line 1235, col 34 to line 1235, col 104 of module drain: 16
@!@!@ENDMSG 2221 @!@!@
@!@!@STARTMSG 2221:0 @!@!@
  line 1236, col 34 to line 1236, col 53 of module drain: 16
@!@!@ENDMSG 2221 @!@!@
@!@!@STARTMSG 2221:0 @!@!@
  line 1237, col 34 to line 1237, col 132 of module drain: 16
@!@!@ENDMSG 2221 @!@!@
@!@!@STARTMSG 2221:0 @!@!@
  line 1238, col 34 to line 1241, col 46 of module drain: 16
@!@!@ENDMSG 2221 @!@!@
@!@!@STARTMSG 2221:0 @!@!@
  line 1242, col 34 to line 1242, col 83 of module drain: 16
@!@!@ENDMSG 2221 @!@!@
@!@!@STARTMSG 2221:0 @!@!@
  line 1243, col 34 to line 1258, col 51 of module drain: 16
@!@!@ENDMSG 2221 @!@!@
@!@!@STARTMSG 2772:0 @!@!@
<DrainerProc line 1262, col 1 to line 1262, col 17 of module drain>: 21:28
@!@!@ENDMSG 2772 @!@!@
@!@!@STARTMSG 2221:0 @!@!@
  line 1262, col 25 to line 1262, col 48 of module drain: 136
@!@!@ENDMSG 2221 @!@!@
@!@!@STARTMSG 2221:0 @!@!@
  |line 1262, col 25 to line 1262, col 32 of module drain: 108
@!@!@ENDMSG 2221 @!@!@
@!@!@STARTMSG 2221:0 @!@!@
  line 1263, col 25 to line 1263, col 48 of module drain: 136
@!@!@ENDMSG 2221 @!@!@
@!@!@STARTMSG 2221:0 @!@!@
  |line 1263, col 25 to line 1263, col 41 of module drain: 108
@!@!@ENDMSG 2221 @!@!@
@!@!@STARTMSG 2221:0 @!@!@
  |line 1263, col 45 to line 1263, col 48 of module drain: 108
@!@!@ENDMSG 2221 @!@!@
@!@!@STARTMSG 2221:0 @!@!@
  line 1264, col 25 to line 1264, col 77 of module drain: 28
@!@!@ENDMSG 2221 @!@!@
@!@!@STARTMSG 2221:0 @!@!@
  line 1265, col 25 to line 1265, col 68 of module drain: 28
@!@!@ENDMSG 2221 @!@!@
@!@!@STARTMSG 2221:0 @!@!@
  line 1266, col 25 to line 1266, col 110 of module drain: 28
@!@!@ENDMSG 2221 @!@!@
@!@!@STARTMSG 2221:0 @!@!@
  line 1267, col 25 to line 1267, col 65 of module drain: 28
@!@!@ENDMSG 2221 @!@!@
@!@!@STARTMSG 2221:0 @!@!@
  line 1268, col 25 to line 1279, col 76 of module drain: 28
@!@!@ENDMSG 2221 @!@!@
@!@!@STARTMSG 2772:0 @!@!@
<OFCSWEventHandlingProc line 1283, col 1 to line 1283, col 28 of module drain>: 11:13
@!@!@ENDMSG 2772 @!@!@
@!@!@STARTMSG 2221:0 @!@!@
  line 1283, col 36 to line 1283, col 70 of module drain: 120
@!@!@ENDMSG 2221 @!@!@
@!@!@STARTMSG 2221:0 @!@!@
  |line 1283, col 36 to line 1283, col 43 of module drain: 107
@!@!@ENDMSG 2221 @!@!@
@!@!@STARTMSG 2221:0 @!@!@
  line 1284, col 36 to line 1284, col 48 of module drain: 120
@!@!@ENDMSG 2221 @!@!@
@!@!@STARTMSG 2221:0 @!@!@
  |line 1284, col 36 to line 1284, col 41 of module drain: 107
@!@!@ENDMSG 2221 @!@!@
@!@!@STARTMSG 2221:0 @!@!@
  |line 1284, col 45 to line 1284, col 48 of module drain: 107
@!@!@ENDMSG 2221 @!@!@
@!@!@STARTMSG 2221:0 @!@!@
  line 1285, col 36 to line 1285, col 103 of module drain: 13
@!@!@ENDMSG 2221 @!@!@
@!@!@STARTMSG 2221:0 @!@!@
  line 1286, col 36 to line 1286, col 57 of module drain: 13
@!@!@ENDMSG 2221 @!@!@
@!@!@STARTMSG 2221:0 @!@!@
  line 1287, col 36 to line 1287, col 132 of module drain: 13
@!@!@ENDMSG 2221 @!@!@
@!@!@STARTMSG 2221:0 @!@!@
  line 1288, col 36 to line 1291, col 48 of module drain: 13
@!@!@ENDMSG 2221 @!@!@
@!@!@STARTMSG 2221:0 @!@!@
  line 1292, col 36 to line 1292, col 87 of module drain: 13
@!@!@ENDMSG 2221 @!@!@
@!@!@STARTMSG 2221:0 @!@!@
  line 1293, col 36 to line 1309, col 64 of module drain: 13
@!@!@ENDMSG 2221 @!@!@
@!@!@STARTMSG 2772:0 @!@!@
<SWManagementProc_ line 1313, col 1 to line 1313, col 23 of module drain>: 19:20
@!@!@ENDMSG 2772 @!@!@
@!@!@STARTMSG 2221:0 @!@!@
  line 1313, col 31 to line 1313, col 60 of module drain: 233
@!@!@ENDMSG 2221 @!@!@
@!@!@STARTMSG 2221:0 @!@!@
  |line 1313, col 31 to line 1313, col 38 of module drain: 213
@!@!@ENDMSG 2221 @!@!@
@!@!@STARTMSG 2221:0 @!@!@
  line 1314, col 31 to line 1314, col 56 of module drain: 233
@!@!@ENDMSG 2221 @!@!@
@!@!@STARTMSG 2221:0 @!@!@
  |line 1314, col 31 to line 1314, col 49 of module drain: 213
@!@!@ENDMSG 2221 @!@!@
@!@!@STARTMSG 2221:0 @!@!@
  |line 1314, col 53 to line 1314, col 56 of module drain: 213
@!@!@ENDMSG 2221 @!@!@
@!@!@STARTMSG 2221:0 @!@!@
  line 1315, col 31 to line 1315, col 85 of module drain: 20
@!@!@ENDMSG 2221 @!@!@
@!@!@STARTMSG 2221:0 @!@!@
  line 1316, col 31 to line 1317, col 84 of module drain: 20
@!@!@ENDMSG 2221 @!@!@
@!@!@STARTMSG 2221:0 @!@!@
  line 1318, col 31 to line 1318, col 98 of module drain: 20
@!@!@ENDMSG 2221 @!@!@
@!@!@STARTMSG 2221:0 @!@!@
  line 1319, col 34 to line 1319, col 62 of module drain: 20
@!@!@ENDMSG 2221 @!@!@
@!@!@STARTMSG 2221:0 @!@!@
  line 1322, col 42 to line 1322, col 98 of module drain: 0
@!@!@ENDMSG 2221 @!@!@
@!@!@STARTMSG 2221:0 @!@!@
  line 1323, col 45 to line 1323, col 70 of module drain: 20
@!@!@ENDMSG 2221 @!@!@
@!@!@STARTMSG 2221:0 @!@!@
  line 1324, col 50 to line 1326, col 106 of module drain: 20
@!@!@ENDMSG 2221 @!@!@
@!@!@STARTMSG 2221:0 @!@!@
  line 1328, col 53 to line 1328, col 70 of module drain: 0
@!@!@ENDMSG 2221 @!@!@
@!@!@STARTMSG 2221:0 @!@!@
  line 1329, col 31 to line 1332, col 43 of module drain: 20
@!@!@ENDMSG 2221 @!@!@
@!@!@STARTMSG 2221:0 @!@!@
  line 1333, col 31 to line 1333, col 77 of module drain: 20
@!@!@ENDMSG 2221 @!@!@
@!@!@STARTMSG 2221:0 @!@!@
  line 1334, col 31 to line 1348, col 77 of module drain: 20
@!@!@ENDMSG 2221 @!@!@
@!@!@STARTMSG 2772:0 @!@!@
<SWManagementProc line 1352, col 1 to line 1352, col 22 of module drain>: 19:20
@!@!@ENDMSG 2772 @!@!@
@!@!@STARTMSG 2221:0 @!@!@
  line 1352, col 30 to line 1352, col 58 of module drain: 228
@!@!@ENDMSG 2221 @!@!@
@!@!@STARTMSG 2221:0 @!@!@
  |line 1352, col 30 to line 1352, col 37 of module drain: 208
@!@!@ENDMSG 2221 @!@!@
@!@!@STARTMSG 2221:0 @!@!@
  line 1353, col 30 to line 1353, col 51 of module drain: 228
@!@!@ENDMSG 2221 @!@!@
@!@!@STARTMSG 2221:0 @!@!@
  |line 1353, col 30 to line 1353, col 44 of module drain: 208
@!@!@ENDMSG 2221 @!@!@
@!@!@STARTMSG 2221:0 @!@!@
  |line 1353, col 48 to line 1353, col 51 of module drain: 208
@!@!@ENDMSG 2221 @!@!@
@!@!@STARTMSG 2221:0 @!@!@
  line 1354, col 30 to line 1354, col 78 of module drain: 20
@!@!@ENDMSG 2221 @!@!@
@!@!@STARTMSG 2221:0 @!@!@
  |line 1354, col 36 to line 1354, col 78 of module drain: 23
@!@!@ENDMSG 2221 @!@!@
@!@!@STARTMSG 2221:0 @!@!@
  line 1355, col 30 to line 1356, col 83 of module drain: 20
@!@!@ENDMSG 2221 @!@!@
@!@!@STARTMSG 2221:0 @!@!@
  |line 1355, col 37 to line 1355, col 59 of module drain: 23
@!@!@ENDMSG 2221 @!@!@
@!@!@STARTMSG 2221:0 @!@!@
  line 1357, col 30 to line 1358, col 83 of module drain: 20
@!@!@ENDMSG 2221 @!@!@
@!@!@STARTMSG 2221:0 @!@!@
  |line 1357, col 37 to line 1357, col 73 of module drain: 23
@!@!@ENDMSG 2221 @!@!@
@!@!@STARTMSG 2221:0 @!@!@
  line 1359, col 30 to line 1359, col 88 of module drain: 20
@!@!@ENDMSG 2221 @!@!@
@!@!@STARTMSG 2221:0 @!@!@
  |line 1359, col 39 to line 1359, col 88 of module drain: 23
@!@!@ENDMSG 2221 @!@!@
@!@!@STARTMSG 2221:0 @!@!@
  line 1360, col 33 to line 1360, col 60 of module drain: 23
@!@!@ENDMSG 2221 @!@!@
@!@!@STARTMSG 2221:0 @!@!@
  line 1361, col 44 to line 1361, col 74 of module drain: 23
@!@!@ENDMSG 2221 @!@!@
@!@!@STARTMSG 2221:0 @!@!@
  line 1362, col 52 to line 1363, col 105 of module drain: 5
@!@!@ENDMSG 2221 @!@!@
@!@!@STARTMSG 2221:0 @!@!@
  |line 1362, col 59 to line 1362, col 91 of module drain: 8
@!@!@ENDMSG 2221 @!@!@
@!@!@STARTMSG 2221:0 @!@!@
  line 1364, col 52 to line 1364, col 105 of module drain: 5
@!@!@ENDMSG 2221 @!@!@
@!@!@STARTMSG 2221:0 @!@!@
  line 1365, col 52 to line 1365, col 55 of module drain: 15
@!@!@ENDMSG 2221 @!@!@
@!@!@STARTMSG 2221:0 @!@!@
  line 1366, col 52 to line 1366, col 69 of module drain: 15
@!@!@ENDMSG 2221 @!@!@
@!@!@STARTMSG 2221:0 @!@!@
  line 1371, col 63 to line 1371, col 118 of module drain: 0
@!@!@ENDMSG 2221 @!@!@
@!@!@STARTMSG 2221:0 @!@!@
  line 1373, col 63 to line 1373, col 80 of module drain: 0
@!@!@ENDMSG 2221 @!@!@
@!@!@STARTMSG 2221:0 @!@!@
  line 1376, col 52 to line 1376, col 69 of module drain: 0
@!@!@ENDMSG 2221 @!@!@
@!@!@STARTMSG 2221:0 @!@!@
  line 1377, col 30 to line 1380, col 42 of module drain: 20
@!@!@ENDMSG 2221 @!@!@
@!@!@STARTMSG 2221:0 @!@!@
  line 1381, col 30 to line 1381, col 75 of module drain: 20
@!@!@ENDMSG 2221 @!@!@
@!@!@STARTMSG 2221:0 @!@!@
  line 1382, col 30 to line 1396, col 77 of module drain: 20
@!@!@ENDMSG 2221 @!@!@
@!@!@STARTMSG 2202:0 @!@!@
End of statistics.
@!@!@ENDMSG 2202 @!@!@
@!@!@STARTMSG 2200:0 @!@!@
Progress(13) at 2021-07-12 10:01:58: 252 states generated (2,967 s/min), 136 distinct states found (1,601 ds/min), 32 states left on queue.
@!@!@ENDMSG 2200 @!@!@
@!@!@STARTMSG 2199:0 @!@!@
252 states generated, 136 distinct states found, 32 states left on queue.
@!@!@ENDMSG 2199 @!@!@
@!@!@STARTMSG 2186:0 @!@!@
Finished in 5105ms at (2021-07-12 10:01:58)
@!@!@ENDMSG 2186 @!@!@
