@!@!@STARTMSG 2262:0 @!@!@
TLC2 Version 2.16 of 31 December 2020 (rev: cdddf55)
@!@!@ENDMSG 2262 @!@!@
@!@!@STARTMSG 2187:0 @!@!@
Running breadth-first search Model-Checking with fp 44 and seed -7271725294219644842 with 2 workers on 4 cores with 1433MB heap and 3221MB offheap memory [pid: 24762] (Mac OS X 10.14.4 x86_64, AdoptOpenJDK 14.0.1 x86_64, OffHeapDiskFPSet, DiskStateQueue).
@!@!@ENDMSG 2187 @!@!@
@!@!@STARTMSG 2220:0 @!@!@
Starting SANY...
@!@!@ENDMSG 2220 @!@!@
Parsing file /Users/zmy/Documents/codes/RoutingConsistency/fullNIB/bothTransientFailuresNIB/ScenarioIII.toolbox/Model_SnapShot_1613371972005/MC.tla
Parsing file /Users/zmy/Documents/codes/RoutingConsistency/fullNIB/bothTransientFailuresNIB/ScenarioIII.toolbox/Model_SnapShot_1613371972005/ScenarioIII.tla
Warning: symbols were renamed.
Parsing file /Applications/TLA+ Toolbox.app/Contents/Eclipse/plugins/org.lamport.tlatools_1.0.0.202012311918/tla2sany/StandardModules/TLC.tla
Parsing file /Applications/TLA+ Toolbox.app/Contents/Eclipse/plugins/org.lamport.tlatools_1.0.0.202012311918/tla2sany/StandardModules/Integers.tla
Parsing file /Applications/TLA+ Toolbox.app/Contents/Eclipse/plugins/org.lamport.tlatools_1.0.0.202012311918/tla2sany/StandardModules/Sequences.tla
Parsing file /Applications/TLA+ Toolbox.app/Contents/Eclipse/plugins/org.lamport.tlatools_1.0.0.202012311918/tla2sany/StandardModules/FiniteSets.tla
Parsing file /Applications/TLA+ Toolbox.app/Contents/Eclipse/plugins/org.lamport.tlatools_1.0.0.202012311918/tla2sany/StandardModules/Naturals.tla
Semantic processing of module Naturals
Semantic processing of module Integers
Semantic processing of module Sequences
Semantic processing of module FiniteSets
Semantic processing of module TLC
Semantic processing of module ScenarioIII
Semantic processing of module MC
@!@!@STARTMSG 2219:0 @!@!@
SANY finished.
@!@!@ENDMSG 2219 @!@!@
@!@!@STARTMSG 2185:0 @!@!@
Starting... (2021-03-21 23:45:08)
@!@!@ENDMSG 2185 @!@!@
@!@!@STARTMSG 2212:0 @!@!@
Implied-temporal checking--satisfiability problem has 1 branches.
@!@!@ENDMSG 2212 @!@!@
@!@!@STARTMSG 2189:0 @!@!@
Computing initial states...
@!@!@ENDMSG 2189 @!@!@
@!@!@STARTMSG 2269:0 @!@!@
Computed 2 initial states...
@!@!@ENDMSG 2269 @!@!@
@!@!@STARTMSG 2190:0 @!@!@
Finished computing initial states: 3 distinct states generated at 2021-03-21 23:45:14.
@!@!@ENDMSG 2190 @!@!@
@!@!@STARTMSG 2192:0 @!@!@
Checking temporal properties for the current state space with 352 total distinct states at (2021-03-21 23:45:17)
@!@!@ENDMSG 2192 @!@!@
@!@!@STARTMSG 2267:0 @!@!@
Finished checking temporal properties in 00s at 2021-03-21 23:45:17
@!@!@ENDMSG 2267 @!@!@
@!@!@STARTMSG 2200:0 @!@!@
Progress(14) at 2021-03-21 23:45:17: 755 states generated (755 s/min), 428 distinct states found (428 ds/min), 76 states left on queue.
@!@!@ENDMSG 2200 @!@!@
@!@!@STARTMSG 2192:0 @!@!@
Checking temporal properties for the current state space with 24832 total distinct states at (2021-03-21 23:46:17)
@!@!@ENDMSG 2192 @!@!@
@!@!@STARTMSG 2267:0 @!@!@
Finished checking temporal properties in 00s at 2021-03-21 23:46:18
@!@!@ENDMSG 2267 @!@!@
@!@!@STARTMSG 2200:0 @!@!@
Progress(28) at 2021-03-21 23:46:18: 94,904 states generated (94,149 s/min), 35,613 distinct states found (35,185 ds/min), 10,779 states left on queue.
@!@!@ENDMSG 2200 @!@!@
@!@!@STARTMSG 2192:0 @!@!@
Checking temporal properties for the current state space with 54000 total distinct states at (2021-03-21 23:47:18)
@!@!@ENDMSG 2192 @!@!@
@!@!@STARTMSG 2267:0 @!@!@
Finished checking temporal properties in 01s at 2021-03-21 23:47:19
@!@!@ENDMSG 2267 @!@!@
@!@!@STARTMSG 2200:0 @!@!@
Progress(30) at 2021-03-21 23:47:19: 212,203 states generated (117,299 s/min), 73,937 distinct states found (38,324 ds/min), 19,935 states left on queue.
@!@!@ENDMSG 2200 @!@!@
@!@!@STARTMSG 2192:0 @!@!@
Checking temporal properties for the current state space with 79162 total distinct states at (2021-03-21 23:48:19)
@!@!@ENDMSG 2192 @!@!@
@!@!@STARTMSG 2267:0 @!@!@
Finished checking temporal properties in 01s at 2021-03-21 23:48:20
@!@!@ENDMSG 2267 @!@!@
@!@!@STARTMSG 2200:0 @!@!@
Progress(32) at 2021-03-21 23:48:20: 310,444 states generated (98,241 s/min), 105,145 distinct states found (31,208 ds/min), 25,981 states left on queue.
@!@!@ENDMSG 2200 @!@!@
@!@!@STARTMSG 2192:0 @!@!@
Checking temporal properties for the current state space with 103055 total distinct states at (2021-03-21 23:49:20)
@!@!@ENDMSG 2192 @!@!@
@!@!@STARTMSG 2267:0 @!@!@
Finished checking temporal properties in 02s at 2021-03-21 23:49:23
@!@!@ENDMSG 2267 @!@!@
@!@!@STARTMSG 2200:0 @!@!@
Progress(33) at 2021-03-21 23:49:23: 405,158 states generated (94,714 s/min), 134,429 distinct states found (29,284 ds/min), 31,374 states left on queue.
@!@!@ENDMSG 2200 @!@!@
@!@!@STARTMSG 2192:0 @!@!@
Checking temporal properties for the current state space with 127914 total distinct states at (2021-03-21 23:50:23)
@!@!@ENDMSG 2192 @!@!@
@!@!@STARTMSG 2267:0 @!@!@
Finished checking temporal properties in 03s at 2021-03-21 23:50:26
@!@!@ENDMSG 2267 @!@!@
@!@!@STARTMSG 2200:0 @!@!@
Progress(33) at 2021-03-21 23:50:26: 506,458 states generated (101,300 s/min), 165,957 distinct states found (31,528 ds/min), 38,041 states left on queue.
@!@!@ENDMSG 2200 @!@!@
@!@!@STARTMSG 2192:0 @!@!@
Checking temporal properties for the current state space with 158492 total distinct states at (2021-03-21 23:51:26)
@!@!@ENDMSG 2192 @!@!@
@!@!@STARTMSG 2267:0 @!@!@
Finished checking temporal properties in 03s at 2021-03-21 23:51:30
@!@!@ENDMSG 2267 @!@!@
@!@!@STARTMSG 2200:0 @!@!@
Progress(34) at 2021-03-21 23:51:30: 627,698 states generated (121,240 s/min), 203,750 distinct states found (37,793 ds/min), 45,256 states left on queue.
@!@!@ENDMSG 2200 @!@!@
@!@!@STARTMSG 2192:0 @!@!@
Checking temporal properties for the current state space with 187971 total distinct states at (2021-03-21 23:52:30)
@!@!@ENDMSG 2192 @!@!@
@!@!@STARTMSG 2267:0 @!@!@
Finished checking temporal properties in 04s at 2021-03-21 23:52:35
@!@!@ENDMSG 2267 @!@!@
@!@!@STARTMSG 2200:0 @!@!@
Progress(35) at 2021-03-21 23:52:35: 745,511 states generated (117,813 s/min), 240,337 distinct states found (36,587 ds/min), 52,364 states left on queue.
@!@!@ENDMSG 2200 @!@!@
@!@!@STARTMSG 2192:0 @!@!@
Checking temporal properties for the current state space with 217069 total distinct states at (2021-03-21 23:53:35)
@!@!@ENDMSG 2192 @!@!@
@!@!@STARTMSG 2267:0 @!@!@
Finished checking temporal properties in 05s at 2021-03-21 23:53:40
@!@!@ENDMSG 2267 @!@!@
@!@!@STARTMSG 2200:0 @!@!@
Progress(35) at 2021-03-21 23:53:40: 863,332 states generated (117,821 s/min), 277,092 distinct states found (36,755 ds/min), 60,021 states left on queue.
@!@!@ENDMSG 2200 @!@!@
@!@!@STARTMSG 2192:0 @!@!@
Checking temporal properties for the current state space with 246439 total distinct states at (2021-03-21 23:54:40)
@!@!@ENDMSG 2192 @!@!@
@!@!@STARTMSG 2267:0 @!@!@
Finished checking temporal properties in 06s at 2021-03-21 23:54:46
@!@!@ENDMSG 2267 @!@!@
@!@!@STARTMSG 2200:0 @!@!@
Progress(36) at 2021-03-21 23:54:46: 980,558 states generated (117,226 s/min), 313,809 distinct states found (36,717 ds/min), 67,368 states left on queue.
@!@!@ENDMSG 2200 @!@!@
@!@!@STARTMSG 2192:0 @!@!@
Checking temporal properties for the current state space with 274349 total distinct states at (2021-03-21 23:55:46)
@!@!@ENDMSG 2192 @!@!@
@!@!@STARTMSG 2267:0 @!@!@
Finished checking temporal properties in 08s at 2021-03-21 23:55:54
@!@!@ENDMSG 2267 @!@!@
@!@!@STARTMSG 2200:0 @!@!@
Progress(36) at 2021-03-21 23:55:54: 1,094,054 states generated (113,496 s/min), 349,306 distinct states found (35,497 ds/min), 74,955 states left on queue.
@!@!@ENDMSG 2200 @!@!@
@!@!@STARTMSG 2192:0 @!@!@
Checking temporal properties for the current state space with 303657 total distinct states at (2021-03-21 23:56:54)
@!@!@ENDMSG 2192 @!@!@
@!@!@STARTMSG 2267:0 @!@!@
Finished checking temporal properties in 07s at 2021-03-21 23:57:02
@!@!@ENDMSG 2267 @!@!@
@!@!@STARTMSG 2200:0 @!@!@
Progress(37) at 2021-03-21 23:57:02: 1,211,398 states generated (117,344 s/min), 385,674 distinct states found (36,368 ds/min), 82,015 states left on queue.
@!@!@ENDMSG 2200 @!@!@
@!@!@STARTMSG 2192:0 @!@!@
Checking temporal properties for the current state space with 334504 total distinct states at (2021-03-21 23:58:02)
@!@!@ENDMSG 2192 @!@!@
@!@!@STARTMSG 2267:0 @!@!@
Finished checking temporal properties in 08s at 2021-03-21 23:58:11
@!@!@ENDMSG 2267 @!@!@
@!@!@STARTMSG 2200:0 @!@!@
Progress(37) at 2021-03-21 23:58:11: 1,334,896 states generated (123,498 s/min), 424,494 distinct states found (38,820 ds/min), 89,989 states left on queue.
@!@!@ENDMSG 2200 @!@!@
@!@!@STARTMSG 2200:0 @!@!@
Progress(38) at 2021-03-21 23:59:11: 1,432,005 states generated (97,109 s/min), 454,743 distinct states found (30,249 ds/min), 96,100 states left on queue.
@!@!@ENDMSG 2200 @!@!@
@!@!@STARTMSG 2192:0 @!@!@
Checking temporal properties for the current state space with 384798 total distinct states at (2021-03-22 00:00:11)
@!@!@ENDMSG 2192 @!@!@
@!@!@STARTMSG 2267:0 @!@!@
Finished checking temporal properties in 11s at 2021-03-22 00:00:22
@!@!@ENDMSG 2267 @!@!@
@!@!@STARTMSG 2200:0 @!@!@
Progress(38) at 2021-03-22 00:00:22: 1,541,157 states generated (109,152 s/min), 488,542 distinct states found (33,799 ds/min), 103,742 states left on queue.
@!@!@ENDMSG 2200 @!@!@
@!@!@STARTMSG 2200:0 @!@!@
Progress(38) at 2021-03-22 00:01:22: 1,657,801 states generated (116,644 s/min), 525,390 distinct states found (36,848 ds/min), 112,432 states left on queue.
@!@!@ENDMSG 2200 @!@!@
@!@!@STARTMSG 2192:0 @!@!@
Checking temporal properties for the current state space with 441672 total distinct states at (2021-03-22 00:02:22)
@!@!@ENDMSG 2192 @!@!@
@!@!@STARTMSG 2267:0 @!@!@
Finished checking temporal properties in 11s at 2021-03-22 00:02:34
@!@!@ENDMSG 2267 @!@!@
@!@!@STARTMSG 2200:0 @!@!@
Progress(38) at 2021-03-22 00:02:34: 1,774,404 states generated (116,603 s/min), 560,683 distinct states found (35,293 ds/min), 119,009 states left on queue.
@!@!@ENDMSG 2200 @!@!@
@!@!@STARTMSG 2200:0 @!@!@
Progress(39) at 2021-03-22 00:03:34: 1,881,023 states generated (106,619 s/min), 594,236 distinct states found (33,553 ds/min), 125,955 states left on queue.
@!@!@ENDMSG 2200 @!@!@
@!@!@STARTMSG 2192:0 @!@!@
Checking temporal properties for the current state space with 497219 total distinct states at (2021-03-22 00:04:34)
@!@!@ENDMSG 2192 @!@!@
@!@!@STARTMSG 2267:0 @!@!@
Finished checking temporal properties in 13s at 2021-03-22 00:04:48
@!@!@ENDMSG 2267 @!@!@
@!@!@STARTMSG 2200:0 @!@!@
Progress(39) at 2021-03-22 00:04:48: 2,001,682 states generated (120,659 s/min), 632,083 distinct states found (37,847 ds/min), 134,862 states left on queue.
@!@!@ENDMSG 2200 @!@!@
@!@!@STARTMSG 2200:0 @!@!@
Progress(39) at 2021-03-22 00:05:48: 2,122,927 states generated (121,245 s/min), 669,199 distinct states found (37,116 ds/min), 143,021 states left on queue.
@!@!@ENDMSG 2200 @!@!@
@!@!@STARTMSG 2192:0 @!@!@
Checking temporal properties for the current state space with 554108 total distinct states at (2021-03-22 00:06:48)
@!@!@ENDMSG 2192 @!@!@
@!@!@STARTMSG 2267:0 @!@!@
Finished checking temporal properties in 15s at 2021-03-22 00:07:03
@!@!@ENDMSG 2267 @!@!@
@!@!@STARTMSG 2200:0 @!@!@
Progress(39) at 2021-03-22 00:07:03: 2,238,881 states generated (115,954 s/min), 703,530 distinct states found (34,331 ds/min), 149,420 states left on queue.
@!@!@ENDMSG 2200 @!@!@
@!@!@STARTMSG 2200:0 @!@!@
Progress(40) at 2021-03-22 00:08:03: 2,362,154 states generated (123,273 s/min), 742,675 distinct states found (39,145 ds/min), 156,887 states left on queue.
@!@!@ENDMSG 2200 @!@!@
@!@!@STARTMSG 2192:0 @!@!@
Checking temporal properties for the current state space with 612884 total distinct states at (2021-03-22 00:09:03)
@!@!@ENDMSG 2192 @!@!@
@!@!@STARTMSG 2267:0 @!@!@
Finished checking temporal properties in 17s at 2021-03-22 00:09:20
@!@!@ENDMSG 2267 @!@!@
@!@!@STARTMSG 2200:0 @!@!@
Progress(40) at 2021-03-22 00:09:20: 2,480,065 states generated (117,911 s/min), 777,785 distinct states found (35,110 ds/min), 164,899 states left on queue.
@!@!@ENDMSG 2200 @!@!@
@!@!@STARTMSG 2200:0 @!@!@
Progress(40) at 2021-03-22 00:10:20: 2,593,516 states generated (113,451 s/min), 813,222 distinct states found (35,437 ds/min), 172,653 states left on queue.
@!@!@ENDMSG 2200 @!@!@
@!@!@STARTMSG 2200:0 @!@!@
Progress(40) at 2021-03-22 00:11:20: 2,701,022 states generated (107,506 s/min), 845,346 distinct states found (32,124 ds/min), 179,021 states left on queue.
@!@!@ENDMSG 2200 @!@!@
@!@!@STARTMSG 2192:0 @!@!@
Checking temporal properties for the current state space with 696176 total distinct states at (2021-03-22 00:12:20)
@!@!@ENDMSG 2192 @!@!@
@!@!@STARTMSG 2267:0 @!@!@
Finished checking temporal properties in 18s at 2021-03-22 00:12:39
@!@!@ENDMSG 2267 @!@!@
@!@!@STARTMSG 2200:0 @!@!@
Progress(40) at 2021-03-22 00:12:39: 2,821,668 states generated (120,646 s/min), 881,612 distinct states found (36,266 ds/min), 185,434 states left on queue.
@!@!@ENDMSG 2200 @!@!@
@!@!@STARTMSG 2200:0 @!@!@
Progress(41) at 2021-03-22 00:13:39: 2,943,140 states generated (121,472 s/min), 916,721 distinct states found (35,109 ds/min), 190,492 states left on queue.
@!@!@ENDMSG 2200 @!@!@
@!@!@STARTMSG 2200:0 @!@!@
Progress(41) at 2021-03-22 00:14:39: 3,049,880 states generated (106,740 s/min), 950,444 distinct states found (33,723 ds/min), 198,658 states left on queue.
@!@!@ENDMSG 2200 @!@!@
@!@!@STARTMSG 2192:0 @!@!@
Checking temporal properties for the current state space with 779318 total distinct states at (2021-03-22 00:15:39)
@!@!@ENDMSG 2192 @!@!@
@!@!@STARTMSG 2267:0 @!@!@
Finished checking temporal properties in 21s at 2021-03-22 00:16:00
@!@!@ENDMSG 2267 @!@!@
@!@!@STARTMSG 2200:0 @!@!@
Progress(41) at 2021-03-22 00:16:00: 3,170,198 states generated (120,318 s/min), 985,673 distinct states found (35,229 ds/min), 206,353 states left on queue.
@!@!@ENDMSG 2200 @!@!@
@!@!@STARTMSG 2200:0 @!@!@
Progress(41) at 2021-03-22 00:17:00: 3,290,453 states generated (120,255 s/min), 1,023,577 distinct states found (37,904 ds/min), 215,239 states left on queue.
@!@!@ENDMSG 2200 @!@!@
@!@!@STARTMSG 2200:0 @!@!@
Progress(41) at 2021-03-22 00:18:00: 3,414,552 states generated (124,099 s/min), 1,059,550 distinct states found (35,973 ds/min), 221,129 states left on queue.
@!@!@ENDMSG 2200 @!@!@
@!@!@STARTMSG 2192:0 @!@!@
Checking temporal properties for the current state space with 869153 total distinct states at (2021-03-22 00:19:00)
@!@!@ENDMSG 2192 @!@!@
@!@!@STARTMSG 2267:0 @!@!@
Finished checking temporal properties in 24s at 2021-03-22 00:19:24
@!@!@ENDMSG 2267 @!@!@
@!@!@STARTMSG 2200:0 @!@!@
Progress(41) at 2021-03-22 00:19:24: 3,536,265 states generated (121,713 s/min), 1,095,803 distinct states found (36,253 ds/min), 226,650 states left on queue.
@!@!@ENDMSG 2200 @!@!@
@!@!@STARTMSG 2200:0 @!@!@
Progress(41) at 2021-03-22 00:20:24: 3,660,294 states generated (124,029 s/min), 1,130,170 distinct states found (34,367 ds/min), 231,123 states left on queue.
@!@!@ENDMSG 2200 @!@!@
@!@!@STARTMSG 2200:0 @!@!@
Progress(42) at 2021-03-22 00:21:24: 3,783,545 states generated (123,251 s/min), 1,169,310 distinct states found (39,140 ds/min), 238,746 states left on queue.
@!@!@ENDMSG 2200 @!@!@
@!@!@STARTMSG 2192:0 @!@!@
Checking temporal properties for the current state space with 958217 total distinct states at (2021-03-22 00:22:24)
@!@!@ENDMSG 2192 @!@!@
@!@!@STARTMSG 2267:0 @!@!@
Finished checking temporal properties in 25s at 2021-03-22 00:22:50
@!@!@ENDMSG 2267 @!@!@
@!@!@STARTMSG 2200:0 @!@!@
Progress(42) at 2021-03-22 00:22:50: 3,908,251 states generated (124,706 s/min), 1,204,362 distinct states found (35,052 ds/min), 246,143 states left on queue.
@!@!@ENDMSG 2200 @!@!@
@!@!@STARTMSG 2200:0 @!@!@
Progress(42) at 2021-03-22 00:23:50: 4,025,458 states generated (117,207 s/min), 1,238,542 distinct states found (34,180 ds/min), 253,315 states left on queue.
@!@!@ENDMSG 2200 @!@!@
@!@!@STARTMSG 2200:0 @!@!@
Progress(42) at 2021-03-22 00:24:50: 4,103,859 states generated (78,401 s/min), 1,263,374 distinct states found (24,832 ds/min), 259,344 states left on queue.
@!@!@ENDMSG 2200 @!@!@
@!@!@STARTMSG 2200:0 @!@!@
Progress(42) at 2021-03-22 00:25:50: 4,186,278 states generated (82,419 s/min), 1,287,671 distinct states found (24,297 ds/min), 263,828 states left on queue.
@!@!@ENDMSG 2200 @!@!@
@!@!@STARTMSG 2200:0 @!@!@
Progress(42) at 2021-03-22 00:26:50: 4,279,610 states generated (93,332 s/min), 1,314,160 distinct states found (26,489 ds/min), 267,313 states left on queue.
@!@!@ENDMSG 2200 @!@!@
@!@!@STARTMSG 2192:0 @!@!@
Checking temporal properties for the current state space with 1067883 total distinct states at (2021-03-22 00:27:50)
@!@!@ENDMSG 2192 @!@!@
@!@!@STARTMSG 2267:0 @!@!@
Finished checking temporal properties in 38s at 2021-03-22 00:28:28
@!@!@ENDMSG 2267 @!@!@
@!@!@STARTMSG 2200:0 @!@!@
Progress(42) at 2021-03-22 00:28:28: 4,366,501 states generated (86,891 s/min), 1,339,641 distinct states found (25,481 ds/min), 271,756 states left on queue.
@!@!@ENDMSG 2200 @!@!@
@!@!@STARTMSG 2200:0 @!@!@
Progress(42) at 2021-03-22 00:29:28: 4,457,068 states generated (90,567 s/min), 1,366,211 distinct states found (26,570 ds/min), 275,518 states left on queue.
@!@!@ENDMSG 2200 @!@!@
@!@!@STARTMSG 2200:0 @!@!@
Progress(42) at 2021-03-22 00:30:28: 4,562,891 states generated (105,823 s/min), 1,396,462 distinct states found (30,251 ds/min), 280,677 states left on queue.
@!@!@ENDMSG 2200 @!@!@
@!@!@STARTMSG 2200:0 @!@!@
Progress(42) at 2021-03-22 00:31:28: 4,667,829 states generated (104,938 s/min), 1,424,811 distinct states found (28,349 ds/min), 282,958 states left on queue.
@!@!@ENDMSG 2200 @!@!@
@!@!@STARTMSG 2200:0 @!@!@
Progress(43) at 2021-03-22 00:32:28: 4,761,095 states generated (93,266 s/min), 1,455,912 distinct states found (31,101 ds/min), 289,455 states left on queue.
@!@!@ENDMSG 2200 @!@!@
@!@!@STARTMSG 2192:0 @!@!@
Checking temporal properties for the current state space with 1190171 total distinct states at (2021-03-22 00:33:28)
@!@!@ENDMSG 2192 @!@!@
@!@!@STARTMSG 2267:0 @!@!@
Finished checking temporal properties in 33s at 2021-03-22 00:34:02
@!@!@ENDMSG 2267 @!@!@
@!@!@STARTMSG 2200:0 @!@!@
Progress(43) at 2021-03-22 00:34:02: 4,864,944 states generated (103,849 s/min), 1,485,259 distinct states found (29,347 ds/min), 295,086 states left on queue.
@!@!@ENDMSG 2200 @!@!@
@!@!@STARTMSG 2200:0 @!@!@
Progress(43) at 2021-03-22 00:35:02: 4,968,883 states generated (103,939 s/min), 1,512,684 distinct states found (27,425 ds/min), 299,477 states left on queue.
@!@!@ENDMSG 2200 @!@!@
@!@!@STARTMSG 2200:0 @!@!@
Progress(43) at 2021-03-22 00:36:02: 5,073,193 states generated (104,310 s/min), 1,542,850 distinct states found (30,166 ds/min), 306,039 states left on queue.
@!@!@ENDMSG 2200 @!@!@
@!@!@STARTMSG 2200:0 @!@!@
Progress(43) at 2021-03-22 00:37:02: 5,188,551 states generated (115,358 s/min), 1,578,032 distinct states found (35,182 ds/min), 313,791 states left on queue.
@!@!@ENDMSG 2200 @!@!@
@!@!@STARTMSG 2200:0 @!@!@
Progress(43) at 2021-03-22 00:38:02: 5,301,157 states generated (112,606 s/min), 1,610,353 distinct states found (32,321 ds/min), 318,376 states left on queue.
@!@!@ENDMSG 2200 @!@!@
@!@!@STARTMSG 2192:0 @!@!@
Checking temporal properties for the current state space with 1317308 total distinct states at (2021-03-22 00:39:02)
@!@!@ENDMSG 2192 @!@!@
@!@!@STARTMSG 2267:0 @!@!@
Finished checking temporal properties in 40s at 2021-03-22 00:39:42
@!@!@ENDMSG 2267 @!@!@
@!@!@STARTMSG 2200:0 @!@!@
Progress(43) at 2021-03-22 00:39:42: 5,405,272 states generated (104,115 s/min), 1,640,031 distinct states found (29,678 ds/min), 322,721 states left on queue.
@!@!@ENDMSG 2200 @!@!@
@!@!@STARTMSG 2200:0 @!@!@
Progress(43) at 2021-03-22 00:40:42: 5,505,384 states generated (100,112 s/min), 1,668,259 distinct states found (28,228 ds/min), 327,009 states left on queue.
@!@!@ENDMSG 2200 @!@!@
@!@!@STARTMSG 2200:0 @!@!@
Progress(43) at 2021-03-22 00:41:42: 5,609,241 states generated (103,857 s/min), 1,698,894 distinct states found (30,635 ds/min), 331,297 states left on queue.
@!@!@ENDMSG 2200 @!@!@
