@!@!@STARTMSG 2262:0 @!@!@
TLC2 Version 2.16 of 31 December 2020 (rev: cdddf55)
@!@!@ENDMSG 2262 @!@!@
@!@!@STARTMSG 2187:0 @!@!@
Running breadth-first search Model-Checking with fp 0 and seed -1994551265302234783 with 2 workers on 4 cores with 1433MB heap and 3221MB offheap memory [pid: 83844] (Mac OS X 10.14.4 x86_64, AdoptOpenJDK 14.0.1 x86_64, OffHeapDiskFPSet, DiskStateQueue).
@!@!@ENDMSG 2187 @!@!@
@!@!@STARTMSG 2220:0 @!@!@
Starting SANY...
@!@!@ENDMSG 2220 @!@!@
Parsing file /Users/zmy/Documents/codes/RoutingConsistency/RCNIBFailover/ScenarioIII.toolbox/Model_SnapShot_1613371972005/MC.tla
Parsing file /Users/zmy/Documents/codes/RoutingConsistency/RCNIBFailover/ScenarioIII.toolbox/Model_SnapShot_1613371972005/ScenarioIII.tla
Warning: symbols were renamed.
Parsing file /Applications/TLA+ Toolbox.app/Contents/Eclipse/plugins/org.lamport.tlatools_1.0.0.202012311918/tla2sany/StandardModules/TLC.tla
Parsing file /Applications/TLA+ Toolbox.app/Contents/Eclipse/plugins/org.lamport.tlatools_1.0.0.202012311918/tla2sany/StandardModules/Integers.tla
Parsing file /Applications/TLA+ Toolbox.app/Contents/Eclipse/plugins/org.lamport.tlatools_1.0.0.202012311918/tla2sany/StandardModules/Sequences.tla
Parsing file /Applications/TLA+ Toolbox.app/Contents/Eclipse/plugins/org.lamport.tlatools_1.0.0.202012311918/tla2sany/StandardModules/FiniteSets.tla
Parsing file /Applications/TLA+ Toolbox.app/Contents/Eclipse/plugins/org.lamport.tlatools_1.0.0.202012311918/tla2sany/StandardModules/Naturals.tla
Semantic processing of module Naturals
Semantic processing of module Integers
Semantic processing of module Sequences
Semantic processing of module FiniteSets
Semantic processing of module TLC
Semantic processing of module ScenarioIII
Semantic processing of module MC
@!@!@STARTMSG 2219:0 @!@!@
SANY finished.
@!@!@ENDMSG 2219 @!@!@
@!@!@STARTMSG 2185:0 @!@!@
Starting... (2021-04-06 12:47:17)
@!@!@ENDMSG 2185 @!@!@
@!@!@STARTMSG 2212:0 @!@!@
Implied-temporal checking--satisfiability problem has 1 branches.
@!@!@ENDMSG 2212 @!@!@
@!@!@STARTMSG 2189:0 @!@!@
Computing initial states...
@!@!@ENDMSG 2189 @!@!@
@!@!@STARTMSG 2190:0 @!@!@
Finished computing initial states: 1 distinct state generated at 2021-04-06 12:47:21.
@!@!@ENDMSG 2190 @!@!@
@!@!@STARTMSG 2192:0 @!@!@
Checking temporal properties for the current state space with 504 total distinct states at (2021-04-06 12:47:24)
@!@!@ENDMSG 2192 @!@!@
@!@!@STARTMSG 2267:0 @!@!@
Finished checking temporal properties in 00s at 2021-04-06 12:47:24
@!@!@ENDMSG 2267 @!@!@
@!@!@STARTMSG 2200:0 @!@!@
Progress(20) at 2021-04-06 12:47:24: 1,172 states generated (1,172 s/min), 605 distinct states found (605 ds/min), 101 states left on queue.
@!@!@ENDMSG 2200 @!@!@
@!@!@STARTMSG 2192:0 @!@!@
Checking temporal properties for the current state space with 21731 total distinct states at (2021-04-06 12:48:24)
@!@!@ENDMSG 2192 @!@!@
@!@!@STARTMSG 2267:0 @!@!@
Finished checking temporal properties in 00s at 2021-04-06 12:48:25
@!@!@ENDMSG 2267 @!@!@
@!@!@STARTMSG 2200:0 @!@!@
Progress(42) at 2021-04-06 12:48:25: 79,580 states generated (78,408 s/min), 27,655 distinct states found (27,050 ds/min), 5,922 states left on queue.
@!@!@ENDMSG 2200 @!@!@
@!@!@STARTMSG 2192:0 @!@!@
Checking temporal properties for the current state space with 46869 total distinct states at (2021-04-06 12:49:25)
@!@!@ENDMSG 2192 @!@!@
@!@!@STARTMSG 2267:0 @!@!@
Finished checking temporal properties in 00s at 2021-04-06 12:49:26
@!@!@ENDMSG 2267 @!@!@
@!@!@STARTMSG 2200:0 @!@!@
Progress(45) at 2021-04-06 12:49:26: 183,562 states generated (103,982 s/min), 59,060 distinct states found (31,405 ds/min), 12,190 states left on queue.
@!@!@ENDMSG 2200 @!@!@
@!@!@STARTMSG 2192:0 @!@!@
Checking temporal properties for the current state space with 79763 total distinct states at (2021-04-06 12:50:26)
@!@!@ENDMSG 2192 @!@!@
@!@!@STARTMSG 2267:0 @!@!@
Finished checking temporal properties in 01s at 2021-04-06 12:50:28
@!@!@ENDMSG 2267 @!@!@
@!@!@STARTMSG 2200:0 @!@!@
Progress(48) at 2021-04-06 12:50:28: 317,572 states generated (134,010 s/min), 97,825 distinct states found (38,765 ds/min), 18,061 states left on queue.
@!@!@ENDMSG 2200 @!@!@
@!@!@STARTMSG 2192:0 @!@!@
Checking temporal properties for the current state space with 105281 total distinct states at (2021-04-06 12:51:28)
@!@!@ENDMSG 2192 @!@!@
@!@!@STARTMSG 2267:0 @!@!@
Finished checking temporal properties in 02s at 2021-04-06 12:51:30
@!@!@ENDMSG 2267 @!@!@
@!@!@STARTMSG 2200:0 @!@!@
Progress(49) at 2021-04-06 12:51:30: 416,938 states generated (99,366 s/min), 125,994 distinct states found (28,169 ds/min), 20,711 states left on queue.
@!@!@ENDMSG 2200 @!@!@
@!@!@STARTMSG 2192:0 @!@!@
Checking temporal properties for the current state space with 141717 total distinct states at (2021-04-06 12:52:30)
@!@!@ENDMSG 2192 @!@!@
@!@!@STARTMSG 2267:0 @!@!@
Finished checking temporal properties in 03s at 2021-04-06 12:52:34
@!@!@ENDMSG 2267 @!@!@
@!@!@STARTMSG 2200:0 @!@!@
Progress(51) at 2021-04-06 12:52:34: 553,203 states generated (136,265 s/min), 164,137 distinct states found (38,143 ds/min), 22,418 states left on queue.
@!@!@ENDMSG 2200 @!@!@
@!@!@STARTMSG 2192:0 @!@!@
Checking temporal properties for the current state space with 178293 total distinct states at (2021-04-06 12:53:34)
@!@!@ENDMSG 2192 @!@!@
@!@!@STARTMSG 2267:0 @!@!@
Finished checking temporal properties in 04s at 2021-04-06 12:53:39
@!@!@ENDMSG 2267 @!@!@
@!@!@STARTMSG 2200:0 @!@!@
Progress(52) at 2021-04-06 12:53:39: 686,706 states generated (133,503 s/min), 201,008 distinct states found (36,871 ds/min), 22,713 states left on queue.
@!@!@ENDMSG 2200 @!@!@
@!@!@STARTMSG 2125:1 @!@!@
when reading the disk (StatePoolReader.run):
/Users/zmy/Documents/codes/RoutingConsistency/RCNIBFailover/ScenarioIII.toolbox/Model_SnapShot_1613371972005/21-04-06-12-47-14/21 (No such file or directory)
@!@!@ENDMSG 2125 @!@!@
